c000
c5f5
c5f7
c5f9
c5fb
c5fd
c72d
c72e
c72f
c735
c736
c737
c739
c740
c741
c742
c744
c74b
c74c
c74d
c753
c754
c756
c75c
c75d
c75f
c761
c768
c769
c76b
c771
c772
c774
c776
c77d
c77e
c780
c782
c784
c78a
c78b
c78d
c78f
c796
c797
c799
c79b
c79d
c7a3
c7a4
c7a6
c7a8
c7af
c7b0
c7b2
c7b8
c7b9
c7bb
c7bd
c7d9
c7da
c600
c7db
c7dc
c7de
c7e0
c7e2
c7e4
c7e5
c7e6
c7e7
c7e8
c7e9
c7eb
c7ed
c7f3
c7f4
c7f6
c7f8
c7fa
c7fb
c7fd
c7fe
c7ff
c800
c802
c804
c80a
c80b
c80d
c80f
c811
c812
c814
c815
c816
c817
c819
c81b
c821
c822
c824
c825
c826
c828
c82a
c82c
c82e
c835
c836
c838
c839
c83a
c83c
c83e
c840
c842
c849
c84a
c84b
c84d
c84f
c851
c852
c854
c855
c857
c858
c85a
c85c
c85e
c860
c867
c868
c86a
c86c
c86e
c86f
c871
c872
c874
c875
c877
c879
c87b
c87d
c884
c603
c885
c886
c887
c889
c88b
c88d
c88f
c891
c893
c895
c897
c899
c89b
c8a2
c8a3
c8a4
c8a5
c8a7
c8a9
c8ab
c8ad
c8af
c8b1
c8b8
c8b9
c8ba
c8bc
c8be
c8c0
c8c2
c8c4
c8c6
c8c8
c8cf
c8d0
c8d1
c8d2
c8d4
c8d6
c8d8
c8da
c8dc
c8de
c8e0
c8e7
c8e8
c8e9
c8eb
c8ed
c8ef
c8f1
c8f3
c8f5
c8f7
c8f9
c900
c901
c902
c903
c905
c907
c909
c90b
c90d
c90f
c916
c917
c918
c91a
c91c
c91e
c920
c922
c924
c926
c928
c92f
c930
c931
c932
c934
c936
c938
c93a
c93c
c93e
c940
c942
c949
c94a
c94b
c94c
c94d
c94f
c951
c953
c955
c957
c959
c95b
c962
c963
c964
c966
c968
c96a
c96c
c96e
c970
c972
c974
c97b
c97c
c97d
c97e
c980
c982
c984
c986
c988
c98a
c991
c992
c993
c994
c996
c998
c99a
c99c
c99e
c9a5
c9a6
c9a7
c9a9
c9ab
c9ad
c9af
c9b1
c9b3
c9ba
c9bb
c9bd
c9bf
c9c1
c9c3
c9c5
c9c7
c9c9
c9d0
c9d1
c9d2
c9d4
c9d6
c9d8
c9da
c9dc
c9e3
c9e4
c9e6
c9e8
c9ea
c9ec
c9f3
c9f4
c9f6
c9f8
c9fa
c9fc
c9fe
ca05
ca06
ca08
ca0a
ca0c
ca0e
ca15
ca16
ca18
ca1a
ca1c
ca1e
ca25
ca26
ca28
ca2a
ca2c
ca2e
ca35
ca36
ca38
ca3a
ca3c
ca47
ca49
ca4b
ca4c
ca4d
ca4f
ca51
ca5a
ca5c
ca5e
ca5f
ca61
ca63
ca65
ca67
ca6e
ca6f
ca71
ca73
ca75
ca77
ca7c
ca7e
ca80
ca81
ca83
ca8c
ca8e
ca90
ca91
ca93
ca9c
ca9e
caa0
caa1
caa3
caa5
caac
caae
cab0
cab1
cab3
cab5
cab7
cac2
cac4
cac6
cac7
cac8
caca
cacc
cace
cad5
cad7
cad9
cada
cadc
cade
cae5
cae7
cae9
caea
caec
caee
caf0
caf7
caf9
cafb
cafc
cafe
cb07
cb09
cb0b
cb0c
cb0e
cb10
cb12
cb14
cb1b
cb1c
cb1e
cb27
cb29
cb2b
cb2c
cb2d
cb2e
cb30
cb32
cb34
cb36
cb38
cb3f
cb40
cb41
cb43
cb45
cb47
cb49
cb4b
cb4d
cb54
cb55
cb56
cb57
cb59
cb5b
cb5d
cb5f
cb61
cb68
cb69
cb6a
cb6c
cb6e
cb70
cb72
cb74
cb76
cb7d
cb7e
cb80
cb82
cb84
cb86
cb88
cb8a
cb8c
cb8e
cbab
cbad
cbaf
cbb1
f931
f933
f935
f936
cbb4
cbb6
f937
f939
f93b
f93d
f93f
f941
f943
cbb9
cbba
f947
f948
f949
f94b
cbbd
cbbf
f94c
f94e
f950
f952
f954
f956
f958
cbc2
cbc3
f95c
f95e
f95f
f961
cbc6
cbc8
f962
f964
f966
f968
f96a
f96c
f96e
cbcb
cbcc
f972
f973
f975
cbcf
cbd1
f976
f978
f97a
f97d
f97f
cbd4
cbd5
f980
f981
f983
cbd8
cbda
f984
f986
f988
f98a
f98c
cbdd
c606
cbde
cbdf
cbe1
cbe3
cbe5
cbe7
cbe9
cbea
cbeb
cbed
cc10
cc12
cc14
cc15
cc16
cc18
cc1a
cc1c
cc1e
cc1f
cc21
cc23
cc25
cc27
cc29
cc5e
cc60
cc62
cc63
cc64
cc66
cc68
cc6a
cc6c
cc6d
cc6f
cc71
cc73
cc75
cc77
ccac
ccae
ccb0
ccb1
ccb3
ccb5
ccb7
ccb8
ccba
ccbb
ccbd
ccbf
ccc1
ccc3
ccc5
ccc7
ccc9
cceb
cced
ccef
ccf0
ccf2
ccf4
ccf6
ccf7
ccf9
ccfa
ccfc
ccfe
cd00
cd02
cd04
cd06
cd08
cd2a
cd2c
cd2e
cd2f
cd31
cd33
cd35
cd36
cd38
cd39
cd3b
cd3d
cd3f
cd41
cd43
cd45
cd47
cd69
cd6b
cd6d
cd6e
cd70
cd72
cd74
cd75
cd77
cd78
cd7a
cd7c
cd7e
cd80
cd82
cd84
cd86
cda8
cdaa
cdac
cdad
cdae
cdb1
cdb3
cdb5
cdb7
cdb8
cdba
cdbb
cdbd
cdef
cdf1
cdf3
cdf6
cdf7
c609
cdf8
cdfa
cdfc
cdfd
ce00
ce01
ce03
ce04
ce06
ce07
ce09
ce0a
ce0b
ce0d
ce2f
ce31
ce33
ce34
ce36
ce37
ce3d
ce3e
ce40
ce5b
ce5d
ce5f
ce60
ce62
ce63
ce65
ce66
ce67
ce69
ce6b
ce6c
ce6e
ce70
ce66
ce73
ce75
ce77
ce79
ce7b
ce7d
ce7f
ce81
ce99
ce9b
ce9d
ce9e
cea0
cea1
cea3
cea4
cea6
cea7
cea9
ceab
cead
ceae
ceb0
ceb2
ceb4
ceb6
ceb8
ceba
cebc
cee5
cee7
cee9
ceec
ceed
c60c
ceee
cef0
cef2
cef4
cef6
cef7
cef9
cefa
cefc
cefd
ceff
cf01
cf03
cf05
cf07
cf09
cf0a
cf0c
cf0d
cf0f
cf11
cf13
cf15
cf17
cf19
cf20
cf21
cf23
cf24
cf26
cf27
cf29
cf2b
cf2d
cf2f
cf31
cf33
cf34
cf35
cf37
cf38
cf3a
cf3c
cf3e
cf40
cf42
cf44
cf4b
cf4c
cf4e
cf4f
cf51
cf52
cf54
cf56
cf58
cf5a
cf5c
cf5e
cf5f
cf60
cf62
cf63
cf65
cf67
cf69
cf6b
cf6d
cf6f
cf76
cf77
cf79
cf7a
cf7c
cf7d
cf7f
cf81
cf83
cf85
cf87
cf89
cf8a
cf8b
cf8d
cf8e
cf90
cf92
cf94
cf96
cf98
cf9a
cfa1
c60f
cfa2
cfa4
cfa7
cfa9
cfab
cfad
cfaf
cfb1
cfb3
cfb5
cfb7
cfb9
cfbb
cfbd
cfbf
cfc1
cfc3
cfc5
cfc7
cfca
cfcc
cfcf
cfd1
cfd4
cfd6
cfd9
cfdb
cfdd
cfdf
cfe1
cfe2
cfe3
cfe5
cfe7
cfe9
cfea
cfec
cfee
cff0
cff2
cff4
cff6
d000
d002
d005
d007
d009
d00b
d00c
d00d
d00f
d011
d012
d014
d016
d018
d01a
d01c
d01f
d021
d023
d026
d028
d02a
d02d
d02f
d031
d034
d036
d038
d03a
d03d
d040
d042
d044
d047
d049
d04c
d04e
d050
f7b6
f7b7
f7b9
f7bb
f7bd
f7bf
d053
d055
f7c0
f7c2
f7c4
f7c6
f7c8
f7ca
d058
d059
f7ce
f7cf
f7d0
f7d2
d05c
d05e
f7d3
f7d5
f7d7
f7d9
f7db
d061
d062
f7df
f7e0
f7e2
f7e4
d065
d067
f7e5
f7e7
f7e9
f7eb
f7ed
d06a
d06b
d06d
d070
f7f1
f7f2
f7f3
f7f5
d073
d075
f7f6
f7f8
f7fa
f7fc
f7fe
f800
d078
d079
f804
f805
f807
f809
d07c
d07e
f80a
f80c
f80e
f810
f812
f814
d081
d082
d084
d087
f818
f819
f81a
f81c
d08a
d08c
f81d
f81f
f821
f823
f825
d08f
d090
d092
d095
f829
f82a
f82c
f82e
d098
d09a
f82f
f831
f833
f835
f837
f839
d09d
d09e
f83d
f83e
f840
f842
d0a1
d0a3
f843
f845
f847
f849
f84b
f84d
d0a6
d0a7
d0a9
d0ac
f851
f852
f853
f855
d0af
d0b1
f856
f858
f85a
f85c
f85e
f860
d0b4
d0b5
d0b7
d0ba
f864
f865
f867
f869
d0bd
d0bf
f86a
f86c
f86e
f870
f872
f874
d0c2
d0c3
f878
f879
f87a
f87c
d0c6
d0c8
f87d
f87f
f881
f883
f885
d0cb
d0cc
d0ce
d0d1
f889
f88b
f88d
d0d4
d0d6
f88e
f890
f892
f894
f896
d0d9
d0da
d0db
d0dd
d0e0
d0e1
f89a
f89b
d0e4
d0e6
f89c
f89e
f8a0
f8a2
f8a4
d0e9
d0ea
d0eb
d0ed
d0f0
d0f1
d0f3
f8a8
f8aa
f8ac
f8ae
d0f6
d0f7
d0f8
d0fa
d0fd
d0fe
f8b2
f8b4
d101
d103
f8b5
f8b7
f8b9
f8bb
d106
d107
d108
d10a
d10d
d10e
d110
f8bf
f8c1
f8c3
f8c5
d113
d114
d115
d117
d11a
d11b
d11d
f8c9
f8cb
f8cd
f8cf
d120
d121
d122
d124
d127
d128
d12a
f8d3
f8d5
f8d7
f8d9
d12d
d12e
d130
d133
f931
f933
f935
f936
d136
d138
f937
f939
f93b
f93d
f93f
f941
f943
d13b
d13c
d13e
d141
f947
f948
f949
f94b
d144
d146
f94c
f94e
f950
f952
f954
f956
f958
d149
d14a
d14c
d14f
f95c
f95e
f95f
f961
d152
d154
f962
f964
f966
f968
f96a
f96c
f96e
d157
d158
d15a
d15d
f972
f973
f975
d160
d162
f976
f978
f97a
f97d
f97f
d165
d166
d168
d16b
f980
f981
f983
d16e
d170
f984
f986
f988
f98a
f98c
d173
c612
d174
d176
d178
d17a
d17c
d17e
d180
d182
d184
d186
d188
d18a
d18c
d18e
d190
d198
d19a
d19c
d19e
d1a0
d1a2
d1ae
d1b0
d1b2
d1b4
d1b6
d1b8
d1ba
d1bc
d1be
d1c0
d1c2
d1c4
d1c6
d1d2
d1d4
d1d6
d1d8
d1da
d1dc
d1e8
d1ea
d1ec
d1ee
d1f0
d1f2
d1f4
d1f6
d1f8
d1fa
d1fc
d1fe
d200
d20c
d20e
d210
d212
d214
d216
d222
d224
d226
d228
d22a
d22c
d22e
d230
d232
d234
d236
d244
d246
d248
d24a
d24c
d24e
d250
d252
d254
d25a
d25c
d25e
d260
d262
d264
f7b6
f7b7
f7b9
f7bb
f7bd
f7bf
d267
d269
f7c0
f7c2
f7c4
f7c6
f7c8
f7ca
d26c
d26d
d26f
d271
f7ce
f7cf
f7d0
f7d2
d274
d276
f7d3
f7d5
f7d7
f7d9
f7db
d279
d27a
d27c
d27e
f7df
f7e0
f7e2
f7e4
d281
d283
f7e5
f7e7
f7e9
f7eb
f7ed
d286
d287
d289
d28b
f7f1
f7f2
f7f3
f7f5
d28e
d290
f7f6
f7f8
f7fa
f7fc
f7fe
f800
d293
d294
d296
d298
f804
f805
f807
f809
d29b
d29d
f80a
f80c
f80e
f810
f812
f814
d2a0
d2a1
d2a3
d2a5
f818
f819
f81a
f81c
d2a8
d2aa
f81d
f81f
f821
f823
f825
d2ad
d2ae
d2b0
d2b2
f829
f82a
f82c
f82e
d2b5
d2b7
f82f
f831
f833
f835
f837
f839
d2ba
d2bb
f83d
f83e
f840
f842
d2be
d2c0
f843
f845
f847
f849
f84b
f84d
d2c3
d2c4
d2c6
d2c8
f851
f852
f853
f855
d2cb
d2cd
f856
f858
f85a
f85c
f85e
f860
d2d0
d2d1
d2d3
d2d5
f864
f865
f867
f869
d2d8
d2da
f86a
f86c
f86e
f870
f872
f874
d2dd
d2de
f878
f879
f87a
f87c
d2e1
d2e3
f87d
f87f
f881
f883
f885
d2e6
d2e7
d2e9
d2eb
f889
f88b
f88d
d2ee
d2f0
f88e
f890
f892
f894
f896
d2f3
d2f4
d2f5
d2f7
d2f9
d2fa
f89a
f89b
d2fd
d2ff
f89c
f89e
f8a0
f8a2
f8a4
d302
d303
d304
d306
d308
d309
d30b
f8a8
f8aa
f8ac
f8ae
d30e
d30f
d310
d312
d314
d315
f8b2
f8b4
d318
d31a
f8b5
f8b7
f8b9
f8bb
d31d
d31e
d31f
d321
d323
d324
d326
f8bf
f8c1
f8c3
f8c5
d329
d32a
d32b
d32d
d32f
d330
d332
f8c9
f8cb
f8cd
f8cf
d335
d336
d337
d339
d33b
d33c
d33e
f8d3
f8d5
f8d7
f8d9
d341
d342
d344
d346
f931
f933
f935
f936
d349
d34b
f937
f939
f93b
f93d
f93f
f941
f943
d34e
d34f
d351
d353
f947
f948
f949
f94b
d356
d358
f94c
f94e
f950
f952
f954
f956
f958
d35b
d35c
d35e
d360
f95c
f95e
f95f
f961
d363
d365
f962
f964
f966
f968
f96a
f96c
f96e
d368
d369
d36b
d36d
f972
f973
f975
d370
d372
f976
f978
f97a
f97d
f97f
d375
d376
d378
d37a
f980
f981
f983
d37d
d37f
f984
f986
f988
f98a
f98c
d382
d383
d385
d387
f889
f88b
f88d
d38a
d38b
d38d
f88e
f897
f899
d390
d391
d393
d395
f89a
f89b
d398
d39a
f89c
f89e
f8a0
f8a5
f8a7
d39d
d39e
d3a0
d3a2
d3a4
f8a8
f8aa
f8ac
f8ae
d3a7
d3a8
d3aa
d3ac
f8b2
f8b4
d3af
d3b0
d3b2
f8b5
f8b7
f8b9
f8bc
f8be
d3b5
d3b6
d3b8
d3ba
d3bc
f8bf
f8c6
f8c8
d3bf
d3c0
d3c2
d3c4
d3c6
f8c9
f8d0
f8d2
d3c9
d3ca
d3cc
d3ce
d3d0
f8d3
f8da
f8dc
d3d3
d3d4
d3d5
d3d6
d3d8
d3da
f8dd
f8df
f8e1
d3dd
d3df
f8e2
f8eb
f8ed
d3e2
d3e3
d3e5
d3e7
f8ee
f8ef
d3ea
d3ec
f8f0
f8f2
f8f4
f8f9
f8fb
d3ef
d3f0
d3f2
d3f4
d3f6
f8fc
f8fe
f900
f902
d3f9
d3fa
d3fc
d3fe
f906
f908
d401
d403
f909
f90b
f910
f912
d406
d407
d409
d40b
d40d
f913
f91a
f91c
d410
d411
d413
d415
d417
f91d
f924
f926
d41a
d41b
d41d
d41f
d421
f927
f92e
f930
d424
d425
d426
d427
f990
f992
f994
f996
f997
f999
f99a
f99c
d42a
d42c
d42e
d430
f99d
f99f
f9a1
f9a3
f9a5
f9a7
f9a9
f9aa
f9ac
d433
d434
d436
d438
d43a
f9ad
f9af
f9b1
f9b3
f9b5
f9b7
f9b9
d43d
d43e
f9bd
f9bf
f9c0
f9c2
d441
d443
d445
d447
f9c3
f9c5
f9c7
f9c9
f9cb
f9cd
f9cf
f9d0
f9d2
f9d3
d44a
d44b
d44d
d44f
d451
f9d4
f9d6
f9d8
f9da
f9dc
f9de
f9e0
d454
d455
f9e4
f9e6
f9e7
f9e9
d458
d45a
d45c
d45e
f9ea
f9ec
f9ee
f9f0
f9f2
f9f4
f9f6
f9f7
f9f8
f9fa
d461
d462
d464
d466
d468
f9fb
f9fd
f9ff
fa01
fa03
fa05
fa07
d46b
d46c
fa0a
fa0c
fa0d
fa0f
d46f
d471
d473
d475
fa10
fa12
fa14
fa16
fa18
fa1a
fa1c
fa1d
fa1e
fa20
d478
d479
d47b
d47d
d47f
fa21
fa23
fa25
fa27
fa29
fa2b
fa2d
d482
d484
d486
d488
d48a
d48b
d48d
d48f
d491
d493
d495
d497
d499
d49f
d4a1
d4a3
d4a4
d4a5
d4a7
d4a9
d4ab
d4ad
d4af
d4b1
d4b3
d4b9
d4bb
d4bd
d4bf
d4c0
d4c2
d4c4
d4c6
d4c8
d4ca
d4cc
d4ce
d4d4
d4d6
d4d8
d4d9
d4da
d4dc
d4de
d4e0
d4e2
d4e4
d4e6
d4e8
d4ee
d4f0
d4f2
d4f4
d4fa
c615
d4fb
d4fd
d500
d502
d504
d506
d508
d50a
d50c
d50f
d511
d513
d515
d517
d519
d521
d523
d525
d527
d529
d52c
d539
d53b
d53d
d53f
d542
d544
d546
d548
d54a
d54d
d54f
d551
d553
d55f
d561
d563
d565
d567
d56a
d577
d579
d57b
d57d
d57f
d582
d584
d586
d588
d58b
d58d
d58f
d591
d59d
d59f
d5a1
d5a3
d5a5
d5a8
d5b5
d5b7
d5b9
d5bb
d5be
d5c0
d5c2
d5c4
d5c7
d5c9
d5cb
d5d9
d5db
d5dd
d5df
d5e2
d5e4
d5e7
d5e9
d5eb
d5f1
d5f3
d5f5
d5f7
d5f9
d5fc
f7b6
f7b7
f7b9
f7bb
f7bd
f7bf
d5ff
d602
f7c0
f7c2
f7c4
f7c6
f7c8
f7ca
d605
d606
d608
d60b
f7ce
f7cf
f7d0
f7d2
d60e
d611
f7d3
f7d5
f7d7
f7d9
f7db
d614
d615
d617
d61a
f7df
f7e0
f7e2
f7e4
d61d
d620
f7e5
f7e7
f7e9
f7eb
f7ed
d623
d624
d626
d629
f7f1
f7f2
f7f3
f7f5
d62c
d62f
f7f6
f7f8
f7fa
f7fc
f7fe
f800
d632
d633
d635
d638
f804
f805
f807
f809
d63b
d63e
f80a
f80c
f80e
f810
f812
f814
d641
d642
d644
d647
f818
f819
f81a
f81c
d64a
d64d
f81d
f81f
f821
f823
f825
d650
d651
d653
d656
f829
f82a
f82c
f82e
d659
d65c
f82f
f831
f833
f835
f837
f839
d65f
d660
f83d
f83e
f840
f842
d663
d666
f843
f845
f847
f849
f84b
f84d
d669
d66a
d66c
d66f
f851
f852
f853
f855
d672
d675
f856
f858
f85a
f85c
f85e
f860
d678
d679
d67b
d67e
f864
f865
f867
f869
d681
d684
f86a
f86c
f86e
f870
f872
f874
d687
d688
f878
f879
f87a
f87c
d68b
d68e
f87d
f87f
f881
f883
f885
d691
d692
d694
d697
f889
f88b
f88d
d69a
d69d
f88e
f890
f892
f894
f896
d6a0
d6a1
d6a2
d6a4
d6a7
d6a8
f89a
f89b
d6ab
d6ae
f89c
f89e
f8a0
f8a2
f8a4
d6b1
d6b2
d6b3
d6b5
d6b8
d6b9
d6bc
f8a8
f8aa
f8ac
f8ae
d6bf
d6c0
d6c1
d6c3
d6c6
d6c7
f8b2
f8b4
d6ca
d6cd
f8b5
f8b7
f8b9
f8bb
d6d0
d6d1
d6d2
d6d4
d6d7
d6d8
d6db
f8bf
f8c1
f8c3
f8c5
d6de
d6df
d6e0
d6e2
d6e5
d6e6
d6e9
f8c9
f8cb
f8cd
f8cf
d6ec
d6ed
d6ee
d6f0
d6f3
d6f4
d6f7
f8d3
f8d5
f8d7
f8d9
d6fa
d6fb
d6fd
d700
f931
f933
f935
f936
d703
d706
f937
f939
f93b
f93d
f93f
f941
f943
d709
d70a
d70c
d70f
f947
f948
f949
f94b
d712
d715
f94c
f94e
f950
f952
f954
f956
f958
d718
d719
d71b
d71e
f95c
f95e
f95f
f961
d721
d724
f962
f964
f966
f968
f96a
f96c
f96e
d727
d728
d72a
d72d
f972
f973
f975
d730
d733
f976
f978
f97a
f97d
f97f
d736
d737
d739
d73c
f980
f981
f983
d73f
d742
f984
f986
f988
f98a
f98c
d745
d746
d748
d74b
f889
f88b
f88d
d74e
d74f
d752
f88e
f897
f899
d755
d756
d758
d75b
f89a
f89b
d75e
d761
f89c
f89e
f8a0
f8a5
f8a7
d764
d765
d767
d76a
d76d
f8a8
f8aa
f8ac
f8ae
d770
d771
d773
d776
f8b2
f8b4
d779
d77a
d77d
f8b5
f8b7
f8b9
f8bc
f8be
d780
d781
d783
d786
d789
f8bf
f8c6
f8c8
d78c
d78d
d78f
d792
d795
f8c9
f8d0
f8d2
d798
d799
d79b
d79e
d7a1
f8d3
f8da
f8dc
d7a4
d7a5
d7a6
d7a7
d7a9
d7ac
f8dd
f8df
f8e1
d7af
d7b2
f8e2
f8eb
f8ed
d7b5
d7b6
d7b8
d7bb
f8ee
f8ef
d7be
d7c1
f8f0
f8f2
f8f4
f8f9
f8fb
d7c4
d7c5
d7c7
d7ca
d7cd
f8fc
f8fe
f900
f902
d7d0
d7d1
d7d3
d7d6
f906
f908
d7d9
d7dc
f909
f90b
f910
f912
d7df
d7e0
d7e2
d7e5
d7e8
f913
f91a
f91c
d7eb
d7ec
d7ee
d7f1
d7f4
f91d
f924
f926
d7f7
d7f8
d7fa
d7fd
d800
f927
f92e
f930
d803
d804
d805
d806
f990
f992
f994
f996
f997
f999
f99a
f99c
d809
d80c
d80f
d812
f99d
f99f
f9a1
f9a3
f9a5
f9a7
f9a9
f9aa
f9ac
d815
d816
d819
d81c
d81f
f9ad
f9af
f9b1
f9b3
f9b5
f9b7
f9b9
d822
d823
f9bd
f9bf
f9c0
f9c2
d826
d829
d82c
d82f
f9c3
f9c5
f9c7
f9c9
f9cb
f9cd
f9cf
f9d0
f9d2
f9d3
d832
d833
d836
d839
d83c
f9d4
f9d6
f9d8
f9da
f9dc
f9de
f9e0
d83f
d840
f9e4
f9e6
f9e7
f9e9
d843
d846
d849
d84c
f9ea
f9ec
f9ee
f9f0
f9f2
f9f4
f9f6
f9f7
f9f8
f9fa
d84f
d850
d853
d856
d859
f9fb
f9fd
f9ff
fa01
fa03
fa05
fa07
d85c
d85d
fa0a
fa0c
fa0d
fa0f
d860
d863
d866
d869
fa10
fa12
fa14
fa16
fa18
fa1a
fa1c
fa1d
fa1e
fa20
d86c
d86d
d870
d873
d876
fa21
fa23
fa25
fa27
fa29
fa2b
fa2d
d879
d87b
d87e
d880
d882
d883
d886
d888
d88a
d88c
d88e
d891
d893
d899
d89b
d89e
d89f
d8a0
d8a3
d8a5
d8a7
d8a9
d8ab
d8ae
d8b0
d8b6
d8b8
d8bb
d8bd
d8be
d8c1
d8c3
d8c5
d8c7
d8c9
d8cc
d8ce
d8d4
d8d6
d8d9
d8da
d8db
d8de
d8e0
d8e2
d8e4
d8e6
d8e9
d8eb
d8f1
d8f3
d8f6
d8f9
d8ff
c618
d900
d902
d904
d906
d909
d90b
d90e
d910
d912
d914
d916
d918
d91a
d91c
d91e
d91f
d921
d922
d924
d926
d928
d92a
d92c
d932
d934
d936
d938
d93a
d93c
d93e
d940
d942
d944
d948
d94a
d94c
d94e
d94f
d951
d953
d955
d957
d959
d95b
d95d
d95f
d960
d962
d963
d964
d966
d968
d96a
d96c
d96e
d970
d972
d973
d975
d977
d979
d97b
d97e
d980
d982
d984
d986
d988
d98a
d98e
d98f
d990
d991
d993
d995
d997
d999
d99b
d99f
d9a0
d9a1
d9a3
d9a5
d9a7
d9a9
d9ab
d9ad
d9b1
d9b2
d9b3
d9b4
d9b6
d9b9
d9bb
d9bd
d9bf
d9c1
d9c3
d9c7
d9c9
d9ca
d9cb
d9cd
d9cf
d9d2
d9d4
d9d6
d9d8
d9da
d9dc
d9de
d9e2
d9e3
d9e4
d9e5
d9e7
d9ea
d9ec
d9f4
d9f6
d9f7
d9f8
d9fa
d9fc
d9ff
da01
da03
da05
da07
da09
da0b
da0f
da10
da11
da13
da15
da17
da19
da21
da23
da24
da25
da26
da28
da2b
da2d
da37
da39
da3a
da3b
da3d
da3f
da42
da44
da46
da48
da4a
da4c
da4e
da52
da53
da54
da55
da57
da5a
da5c
da5e
da66
da68
da69
da6b
da6d
da70
da72
da74
da7a
da7c
da7d
da7e
da81
da83
da85
da87
da89
da8d
da8e
da91
da94
da96
da98
da9a
da9c
da9d
da9f
daa2
daa4
daa6
daa8
daaa
daae
daaf
dab1
dab4
dab6
dab8
dabe
dac0
dac1
dac4
dac6
dac8
daca
dace
dacf
dad2
dad5
dad7
dad9
dadb
dadf
c61b
c61d
c61f
c621
c623
dae0
dae2
dae4
dae6
dae8
daea
daec
daee
daf0
daf3
daf4
daf6
daf8
db02
db04
db05
db06
db07
db09
db0c
db0e
db10
db12
db1a
db1c
db1d
db1f
db20
db22
db25
db28
db2a
db2c
db2e
db36
db38
db39
db3a
db3c
db3f
db41
db43
db45
db47
db49
db4b
db4c
db4d
db4f
db52
db54
db56
db5e
db60
db61
db63
db65
db67
db6a
db6c
db70
db71
db73
db76
db78
db7b
ff05
ff06
ff07
ff08
c5f4
ff0a
ff0d
ff10
c5f4
ff12
ff15
ff16
ff19
ff1a
ff1b
ff1c
ff1d
ff1e
ff21
c5f4
ff23
ff24
ff25
ff26
ff27
c5f4
ff29
c5f4
ff2b
ff2c
ff2d
ff2f
c5f4
ff31
c5f4
ff33
ff34
ff35
ff36
ff37
c5f4
ff39
c5f4
ff3b
ff3d
ff3f
c5f4
ff41
c5f4
ff43
ff44
ff45
ff46
ff47
ff4a
ff4b
ff4e
ff4f
c5f4
ff51
ff52
ff55
ff58
c5f4
ff5a
c5f4
ff5c
c5f4
ff5e
c5f4
ff60
c5f4
ff62
c5f4
ff64
c5f4
ff66
c5f4
ff68
c5f4
ff6a
c5f4
ff6c
c5f4
ff6e
c5f4
ff70
c5f4
ff72
c5f4
ff74
c5f4
ff76
c5f4
ff78
ff79
ff7b
ff7c
ff7d
ff7f
ff80
ff81
ff83
ff84
ff85
ff87
ff88
ff89
ff8b
ff8c
ff8d
ff8f
ff90
ff91
ff93
ff94
ff95
ff97
ff98
c5f4
ff9a
c5f4
ff9c
c5f4
ff9e
c5f4
ffa0
c5f4
ffa2
c5f4
ffa4
c5f4
ffa6
c5f4
ffa8
c5f4
ffaa
c5f4
ffac
c5f4
ffae
c5f4
ffb0
c5f4
ffb2
c5f4
ffb4
c5f4
ffb6
c5f4
ffb8
c5f4
ffba
c5f4
ffbc
c5f4
ffbe
c5f4
ffc0
c5f4
ffc2
c5f4
ffc4
c5f4
ffc6
c5f4
ffc8
c5f4
ffca
c5f4
ffcc
c5f4
ffce
c5f4
ffd0
c5f4
ffd2
c5f4
ffd4
c5f4
ffd6
c5f4
ffd8
c5f4
ffda
c5f4
ffdc
c5f4
ffde
c5f4
ffe0
c5f4
ffe2
c5f4
ffe4
c5f4
ffe6
c5f4
ffe8
c5f4
ffea
c5f4
ffec
c5f4
ffee
c5f4
fff0
c5f4
fff2
c5f4
fff4
c5f4
fff6
c5f4
fff8
c5f4
fffa
fffb
fffd
ffff
1
2
3
4
5
6
7
8
9
a
b
c
d
e
f
10
11
c5f4
13
14
15
16
17
18
19
1a
1b
1c
1d
1e
1f
20
21
22
23
24
25
26
27
28
29
2a
2b
2c
2d
2e
2f
30
31
32
33
c5f4
35
36
37
38
39
3a
3b
3c
3d
3e
3f
40
41
42
43
44
45
46
47
48
49
4a
4b
4c
4d
4e
4f
50
51
52
53
54
55
56
57
58
59
5a
5b
5c
5d
5e
5f
60
61
62
63
64
65
66
67
68
69
6a
6b
6c
6d
6e
6f
70
71
72
73
74
75
76
77
78
c5f4
7a
7b
7c
7e
81
82
c5f4
84
85
86
87
88
89
c5f4
8b
8c
8d
8e
8f
90
91
92
93
94
95
96
97
98
99
9a
9b
9c
9d
9e
9f
a0
a1
a2
a3
a4
a5
a6
a7
a8
a9
aa
ab
ac
ad
ae
af
b0
b1
b2
b3
b4
b5
b6
b7
b8
b9
ba
bb
bc
bd
be
bf
c0
c1
c2
c3
c4
c5
c6
c7
c8
c9
ca
cb
cc
cd
ce
cf
d0
d1
d2
d3
d4
d5
d6
d7
d8
d9
da
db
dc
dd
de
df
e0
e1
e2
e3
e4
e5
e6
e7
e8
e9
ea
eb
ec
ed
ee
ef
f0
f1
f2
f3
f4
f5
f6
f7
f8
f9
fb
c5f4
fd
ff
101
102
103
104
105
106
107
108
109
10a
10b
10c
10d
10e
10f
110
111
112
113
114
115
116
117
118
119
11a
11b
11c
11d
11e
11f
120
121
122
123
124
125
126
127
128
129
12a
12b
12c
12d
12e
12f
130
131
132
133
134
135
136
137
138
139
13a
13b
13c
13d
13e
13f
140
141
142
143
144
145
146
147
148
149
14a
14b
14c
14d
14e
14f
150
151
152
153
154
155
156
157
158
159
15a
15b
15c
15d
15e
15f
160
161
162
163
164
165
166
167
168
169
16a
16b
16c
16d
16e
16f
170
171
172
173
174
175
176
177
178
179
17a
17b
17c
17d
17e
17f
180
181
182
183
184
185
186
187
188
189
18a
18b
18c
18d
18e
18f
190
191
192
193
194
195
196
197
198
199
19a
19b
19c
19d
19e
19f
1a0
1a1
1a2
1a3
1a4
1a5
1a6
1a7
1a8
1a9
1aa
1ab
1ac
1ad
1ae
1af
1b0
1b1
1b2
1b3
1b4
1b5
1b6
1b7
1b8
1b9
1ba
1bb
1bc
1bd
1be
1bf
1c0
1c1
1c2
1c3
1c4
1c5
1c6
1c7
1c8
1c9
1ca
1cb
1cc
1cd
1ce
1cf
1d0
1d1
1d2
1d3
1d4
1d5
1d6
1d7
1d8
1d9
1da
1db
1dc
1dd
1de
1df
1e0
1e1
1e2
1e3
1e4
1e5
1e6
1e7
1e8
1e9
1ea
1eb
1ec
1ed
1ee
1ef
1f0
1f1
1f2
1f3
1f4
1f5
1f6
1f7
1f8
1f9
1fa
1fb
1fc
1fd
1fe
1ff
200
203
204
205
206
207
208
209
20a
20b
20c
20d
20e
20f
210
211
212
213
214
215
216
217
218
219
21a
21b
21c
21d
21e
21f
220
221
222
223
224
225
226
227
228
229
22a
22b
22c
22d
22e
22f
230
231
232
233
234
235
236
237
238
239
23a
23b
23c
23d
23e
23f
240
241
242
243
244
245
246
247
248
249
24a
24b
24c
24d
24e
24f
250
251
252
253
254
255
256
257
258
259
25a
25b
25c
25d
25e
25f
260
261
262
263
264
265
266
267
268
269
26a
26b
26c
26d
26e
26f
270
271
272
273
274
275
276
277
278
279
27a
27b
27c
27d
27e
27f
280
281
282
283
284
285
286
287
288
289
28a
28b
28c
28d
28e
28f
290
291
292
293
294
295
296
297
298
299
29a
29b
29c
29d
29e
29f
2a0
2a1
2a2
2a3
2a4
2a5
2a6
2a7
2a8
2a9
2aa
2ab
2ac
2ad
2ae
2af
2b0
2b1
2b2
2b3
2b4
2b5
2b6
2b7
2b8
2b9
2ba
2bb
2bc
2bd
2be
2bf
2c0
2c1
2c2
2c3
2c4
2c5
2c6
2c7
2c8
2c9
2ca
2cb
2cc
2cd
2ce
2cf
2d0
2d1
2d2
2d3
2d4
2d5
2d6
2d7
2d8
2d9
2da
2db
2dc
2dd
2de
2df
2e0
2e1
2e2
2e3
2e4
2e5
2e6
2e7
2e8
2e9
2ea
2eb
2ec
2ed
2ee
2ef
2f0
2f1
2f2
2f3
2f4
2f5
2f6
2f7
2f8
2f9
2fa
2fb
2fc
2fd
2fe
2ff
300
301
302
303
306
307
308
309
30a
30b
30c
30d
30e
30f
310
311
312
313
314
315
316
317
318
319
31a
31b
31c
31d
31e
31f
320
321
322
323
324
325
326
327
328
329
32a
32b
32c
32d
32e
32f
330
331
332
333
334
335
336
337
338
339
33a
33b
33c
33d
33e
33f
340
341
342
343
344
345
346
347
348
349
34a
34b
34c
34d
34e
34f
350
351
352
353
354
355
356
357
358
359
35a
35b
35c
35d
35e
35f
360
361
362
363
364
365
366
367
368
369
36a
36b
36c
36d
36e
36f
370
371
372
373
374
375
376
377
378
379
37a
37b
37c
37d
37e
37f
380
381
382
383
384
385
386
387
388
389
38a
38b
38c
38d
38e
38f
390
391
392
393
394
395
396
397
398
399
39a
39b
39c
39d
39e
39f
3a0
3a1
3a2
3a3
3a4
3a5
3a6
3a7
3a8
3a9
3aa
3ab
3ac
3ad
3ae
3af
3b0
3b1
3b2
3b3
3b4
3b5
3b6
3b7
3b8
3b9
3ba
3bb
3bc
3bd
3be
3bf
3c0
3c1
3c2
3c3
3c4
3c5
3c6
3c7
3c8
3c9
3ca
3cb
3cc
3cd
3ce
3cf
3d0
3d1
3d2
3d3
3d4
3d5
3d6
3d7
3d8
3d9
3da
3db
3dc
3dd
3de
3df
3e0
3e1
3e2
3e3
3e4
3e5
3e6
3e7
3e8
3e9
3ea
3eb
3ec
3ed
3ee
3ef
3f0
3f1
3f2
3f3
3f4
3f5
3f6
3f7
3f8
3f9
3fa
3fb
3fc
3fd
3fe
3ff
400
401
402
403
404
405
406
407
408
409
40a
40b
40c
40d
40e
40f
410
411
412
413
414
415
416
417
418
419
41a
41b
41c
41d
41e
41f
420
421
422
423
424
425
426
427
428
429
42a
42b
42c
42d
42e
42f
430
431
432
433
434
435
436
437
438
439
43a
43b
43c
43d
43e
43f
440
441
442
443
444
445
446
447
448
449
44a
44b
44c
44d
44e
44f
450
451
452
453
454
455
456
457
458
459
45a
45b
45c
45d
45e
45f
460
461
462
463
464
465
466
467
468
469
46a
46b
46c
46d
46e
46f
470
471
472
473
474
475
476
477
478
479
47a
47b
47c
47d
47e
47f
480
481
482
483
484
485
486
487
488
489
48a
48b
48c
48d
48e
48f
490
491
492
493
494
495
496
497
498
499
49a
49b
49c
49d
49e
49f
4a0
4a1
4a2
4a3
4a4
4a5
4a6
4a7
4a8
4a9
4aa
4ab
4ac
4ad
4ae
4af
4b0
4b1
4b2
4b3
4b4
4b5
4b6
4b7
4b8
4b9
4ba
4bb
4bc
4bd
4be
4bf
4c0
4c1
4c2
4c3
4c4
4c5
4c6
4c7
4c8
4c9
4ca
4cb
4cc
4cd
4ce
4cf
4d0
4d1
4d2
4d3
4d4
4d5
4d6
4d7
4d8
4d9
4da
4db
4dc
4dd
4de
4df
4e0
4e1
4e2
4e3
4e4
4e5
4e6
4e7
4e8
4e9
4ea
4eb
4ec
4ed
4ee
4ef
4f0
4f1
4f2
4f3
4f4
4f5
4f6
4f7
4f8
4f9
4fa
4fb
4fc
4fd
4fe
4ff
500
501
502
503
504
505
506
507
508
509
50a
50b
50c
50d
50e
50f
510
511
512
513
514
515
516
517
518
519
51a
51b
51c
51d
51e
51f
520
521
522
523
524
525
526
527
528
529
52a
52b
52c
52d
52e
52f
530
531
532
533
534
535
536
537
538
539
53a
53b
53c
53d
53e
53f
540
541
542
543
544
545
546
547
548
549
54a
54b
54c
54d
54e
54f
550
551
552
553
554
555
556
557
558
559
55a
55b
55c
55d
55e
55f
560
561
562
563
564
565
566
567
568
569
56a
56b
56c
56d
56e
56f
570
571
572
573
574
575
576
577
578
579
57a
57b
57c
57d
57e
57f
580
581
582
583
584
585
586
587
588
589
58a
58b
58c
58d
58e
58f
590
591
592
593
594
595
596
597
598
599
59a
59b
59c
59d
59e
59f
5a0
5a1
5a2
5a3
5a4
5a5
5a6
5a7
5a8
5a9
5aa
5ab
5ac
5ad
5ae
5af
5b0
5b1
5b2
5b3
5b4
5b5
5b6
5b7
5b8
5b9
5ba
5bb
5bc
5bd
5be
5bf
5c0
5c1
5c2
5c3
5c4
5c5
5c6
5c7
5c8
5c9
5ca
5cb
5cc
5cd
5ce
5cf
5d0
5d1
5d2
5d3
5d4
5d5
5d6
5d7
5d8
5d9
5da
5db
5dc
5dd
5de
5df
5e0
5e1
5e2
5e3
5e4
5e5
5e6
5e7
5e8
5e9
5ea
5eb
5ec
5ed
5ee
5ef
5f0
5f1
5f2
5f3
5f4
5f5
5f6
5f7
5f8
5f9
5fa
5fb
5fc
5fd
5fe
5ff
600
601
602
603
604
605
606
607
608
609
60a
60b
60c
60d
60e
60f
610
611
612
613
614
615
616
617
618
619
61a
61b
61c
61d
61e
61f
620
621
622
623
624
625
626
627
628
629
62a
62b
62c
62d
62e
62f
630
631
632
633
634
635
636
637
638
639
63a
63b
63c
63d
63e
63f
640
641
642
643
644
645
646
647
648
649
64a
64b
64c
64d
64e
64f
650
651
652
653
654
655
656
657
658
659
65a
65b
65c
65d
65e
65f
660
661
662
663
664
665
666
667
668
669
66a
66b
66c
66d
66e
66f
670
671
672
673
674
675
676
677
678
c5f4
67a
67b
67c
67d
67e
67f
680
681
682
683
684
685
686
687
688
689
68a
68b
68c
68d
68e
68f
690
691
692
693
694
695
696
697
698
699
69a
69b
69c
69d
69e
69f
6a0
6a1
6a2
6a3
6a4
6a5
6a6
6a7
6a8
6a9
6aa
6ab
6ac
6ad
6ae
6af
6b0
6b1
6b2
6b3
6b4
6b5
6b6
6b7
6b8
6b9
6ba
6bb
6bc
6bd
6be
6bf
6c0
6c1
6c2
6c3
6c4
6c5
6c6
6c7
6c8
6c9
6ca
6cb
6cc
6cd
6ce
6cf
6d0
6d1
6d2
6d3
6d4
6d5
6d6
6d7
6d8
6d9
6da
6db
6dc
6dd
6de
6df
6e0
6e1
6e2
6e3
6e4
6e5
6e6
6e7
6e8
6e9
6ea
6eb
6ec
6ed
6ee
6ef
6f0
6f1
6f2
6f3
6f4
6f5
6f6
6f7
6f8
6f9
6fa
6fb
6fc
6fd
6fe
6ff
700
701
702
703
704
705
706
707
708
709
70a
70b
70c
70d
70e
70f
710
711
712
713
714
715
716
717
718
719
71a
71b
71c
71d
71e
71f
720
721
722
723
724
725
726
727
728
729
72a
72b
72c
72d
72e
72f
730
731
732
733
734
735
736
737
738
739
73a
73b
73c
73d
73e
73f
740
741
742
743
744
745
746
747
748
749
74a
74b
74c
74d
74e
74f
750
751
752
753
754
755
756
757
758
759
75a
75b
75c
75d
75e
75f
760
761
762
763
764
765
766
767
768
769
76a
76b
76c
76d
76e
76f
770
771
772
773
774
775
776
777
778
779
77a
77b
77c
77d
77e
77f
780
781
782
783
784
785
786
787
788
789
78a
78b
78c
78d
78e
78f
790
791
792
793
794
795
796
797
798
799
79a
79b
79c
79d
79e
79f
7a0
7a1
7a2
7a3
7a4
7a5
7a6
7a7
7a8
7a9
7aa
7ab
7ac
7ad
7ae
7af
7b0
7b1
7b2
7b3
7b4
7b5
7b6
7b7
7b8
7b9
7ba
7bb
7bc
7bd
7be
7bf
7c0
7c1
7c2
7c3
7c4
7c5
7c6
7c7
7c8
7c9
7ca
7cb
7cc
7cd
7ce
7cf
7d0
7d1
7d2
7d3
7d4
7d5
7d6
7d7
7d8
7d9
7da
7db
7dc
7dd
7de
7df
7e0
7e1
7e2
7e3
7e4
7e5
7e6
7e7
7e8
7e9
7ea
7eb
7ec
7ed
7ee
7ef
7f0
7f1
7f2
7f3
7f4
7f5
7f6
7f7
7f8
7f9
7fa
7fb
7fc
7fd
7fe
7ff
802
803
804
805
806
807
808
809
80a
80b
80c
80d
80e
80f
810
811
c5f4
813
814
815
816
817
818
819
81a
81b
81c
81d
81e
81f
820
821
822
823
824
825
826
827
828
829
82a
82b
82c
82d
82e
82f
830
831
832
833
c5f4
835
836
837
838
839
83c
83d
83e
83f
840
841
842
843
844
845
846
847
848
849
84a
84b
84c
84d
84e
84f
850
851
852
853
854
855
856
857
858
859
85a
85b
85c
85d
85e
85f
860
861
862
863
864
865
866
867
868
869
86a
86b
86c
86d
86e
86f
870
871
872
873
874
875
876
877
878
c5f4
87a
87b
87c
87e
881
882
c5f4
884
885
886
887
888
889
c5f4
88b
88c
88d
88e
88f
890
891
892
893
894
895
896
897
898
899
89a
89b
89c
89d
89e
89f
8a0
8a1
8a2
8a3
8a4
8a5
8a6
8a7
8a8
8a9
8aa
8ab
8ac
8ad
8ae
8af
8b0
8b1
8b2
8b3
8b4
8b5
8b6
8b7
8b8
8b9
8ba
8bb
8bc
8bd
8be
8bf
8c0
8c1
8c2
8c3
8c4
8c5
8c6
8c7
8c8
8c9
8ca
8cb
8cc
8cd
8ce
8cf
8d0
8d1
8d2
8d3
8d4
8d5
8d6
8d7
8d8
8d9
8da
8db
8dc
8dd
8de
8df
8e0
8e1
8e2
8e3
8e4
8e5
8e6
8e7
8e8
8e9
8ea
8eb
8ec
8ed
8ee
8ef
8f0
8f1
8f2
8f3
8f4
8f5
8f6
8f7
8f8
8f9
8fb
8fc
8fe
8ff
901
902
903
904
905
906
907
908
909
90a
90b
90c
90d
90e
90f
910
911
912
913
914
915
916
917
918
919
91a
91b
91c
91d
91e
91f
920
921
922
923
924
925
926
927
928
929
92a
92b
92c
92d
92e
92f
930
931
932
933
934
935
936
937
938
939
93a
93b
93c
93d
93e
93f
940
941
942
943
944
945
946
947
948
949
94a
94b
94c
94d
94e
94f
950
951
952
953
954
955
956
957
958
959
95a
95b
95c
95d
95e
95f
960
961
962
963
964
965
966
967
968
969
96a
96b
96c
96d
96e
96f
970
971
972
973
974
975
976
977
978
979
97a
97b
97c
97d
97e
97f
980
981
982
983
984
985
986
987
988
989
98a
98b
98c
98d
98e
98f
990
991
992
993
994
995
996
997
998
999
99a
99b
99c
99d
99e
99f
9a0
9a1
9a2
9a3
9a4
9a5
9a6
9a7
9a8
9a9
9aa
9ab
9ac
9ad
9ae
9af
9b0
9b1
9b2
9b3
9b4
9b5
9b6
9b7
9b8
9b9
9ba
9bb
9bc
9bd
9be
9bf
9c0
9c1
9c2
9c3
9c4
9c5
9c6
9c7
9c8
9c9
9ca
9cb
9cc
9cd
9ce
9cf
9d0
9d1
9d2
9d3
9d4
9d5
9d6
9d7
9d8
9d9
9da
9db
9dc
9dd
9de
9df
9e0
9e1
9e2
9e3
9e4
9e5
9e6
9e7
9e8
9e9
9ea
9eb
9ec
9ed
9ee
9ef
9f0
9f1
9f2
9f3
9f4
9f5
9f6
9f7
9f8
9f9
9fa
9fb
9fc
9fd
9fe
9ff
a00
a03
a04
a05
a06
a07
a08
a09
a0a
a0b
a0c
a0d
a0e
a0f
a10
a11
a12
a13
a14
a15
a16
a17
a18
a19
a1a
a1b
a1c
a1d
a1e
a1f
a20
a21
a22
a23
a24
a25
a26
a27
a28
a29
a2a
a2b
a2c
a2d
a2e
a2f
a30
a31
a32
a33
a34
a35
a36
a37
a38
a39
a3a
a3b
a3c
a3d
a3e
a3f
a40
a41
a42
a43
a44
a45
a46
a47
a48
a49
a4a
a4b
a4c
a4d
a4e
a4f
a50
a51
a52
a53
a54
a55
a56
a57
a58
a59
a5a
a5b
a5c
a5d
a5e
a5f
a60
a61
a62
a63
a64
a65
a66
a67
a68
a69
a6a
a6b
a6c
a6d
a6e
a6f
a70
a71
a72
a73
a74
a75
a76
a77
a78
a79
a7a
a7b
a7c
a7d
a7e
a7f
a80
a81
a82
a83
a84
a85
a86
a87
a88
a89
a8a
a8b
a8c
a8d
a8e
a8f
a90
a91
a92
a93
a94
a95
a96
a97
a98
a99
a9a
a9b
a9c
a9d
a9e
a9f
aa0
aa1
aa2
aa3
aa4
aa5
aa6
aa7
aa8
aa9
aaa
aab
aac
aad
aae
aaf
ab0
ab1
ab2
ab3
ab4
ab5
ab6
ab7
ab8
ab9
aba
abb
abc
abd
abe
abf
ac0
ac1
ac2
ac3
ac4
ac5
ac6
ac7
ac8
ac9
aca
acb
acc
acd
ace
acf
ad0
ad1
ad2
ad3
ad4
ad5
ad6
ad7
ad8
ad9
ada
adb
adc
add
ade
adf
ae0
ae1
ae2
ae3
ae4
ae5
ae6
ae7
ae8
ae9
aea
aeb
aec
aed
aee
aef
af0
af1
af2
af3
af4
af5
af6
af7
af8
af9
afa
afb
afc
afd
afe
aff
b00
b01
b02
b03
b06
b07
b08
b09
b0a
b0b
b0c
b0d
b0e
b0f
b10
b11
b12
b13
b14
b15
b16
b17
b18
b19
b1a
b1b
b1c
b1d
b1e
b1f
b20
b21
b22
b23
b24
b25
b26
b27
b28
b29
b2a
b2b
b2c
b2d
b2e
b2f
b30
b31
b32
b33
b34
b35
b36
b37
b38
b39
b3a
b3b
b3c
b3d
b3e
b3f
b40
b41
b42
b43
b44
b45
b46
b47
b48
b49
b4a
b4b
b4c
b4d
b4e
b4f
b50
b51
b52
b53
b54
b55
b56
b57
b58
b59
b5a
b5b
b5c
b5d
b5e
b5f
b60
b61
b62
b63
b64
b65
b66
b67
b68
b69
b6a
b6b
b6c
b6d
b6e
b6f
b70
b71
b72
b73
b74
b75
b76
b77
b78
b79
b7a
b7b
b7c
b7d
b7e
b7f
b80
b81
b82
b83
b84
b85
b86
b87
b88
b89
b8a
b8b
b8c
b8d
b8e
b8f
b90
b91
b92
b93
b94
b95
b96
b97
b98
b99
b9a
b9b
b9c
b9d
b9e
b9f
ba0
ba1
ba2
ba3
ba4
ba5
ba6
ba7
ba8
ba9
baa
bab
bac
bad
bae
baf
bb0
bb1
bb2
bb3
bb4
bb5
bb6
bb7
bb8
bb9
bba
bbb
bbc
bbd
bbe
bbf
bc0
bc1
bc2
bc3
bc4
bc5
bc6
bc7
bc8
bc9
bca
bcb
bcc
bcd
bce
bcf
bd0
bd1
bd2
bd3
bd4
bd5
bd6
bd7
bd8
bd9
bda
bdb
bdc
bdd
bde
bdf
be0
be1
be2
be3
be4
be5
be6
be7
be8
be9
bea
beb
bec
bed
bee
bef
bf0
bf1
bf2
bf3
bf4
bf5
bf6
bf7
bf8
bf9
bfa
bfb
bfc
bfd
bfe
bff
c00
c01
c02
c03
c04
c05
c06
c07
c08
c09
c0a
c0b
c0c
c0d
c0e
c0f
c10
c11
c12
c13
c14
c15
c16
c17
c18
c19
c1a
c1b
c1c
c1d
c1e
c1f
c20
c21
c22
c23
c24
c25
c26
c27
c28
c29
c2a
c2b
c2c
c2d
c2e
c2f
c30
c31
c32
c33
c34
c35
c36
c37
c38
c39
c3a
c3b
c3c
c3d
c3e
c3f
c40
c41
c42
c43
c44
c45
c46
c47
c48
c49
c4a
c4b
c4c
c4d
c4e
c4f
c50
c51
c52
c53
c54
c55
c56
c57
c58
c59
c5a
c5b
c5c
c5d
c5e
c5f
c60
c61
c62
c63
c64
c65
c66
c67
c68
c69
c6a
c6b
c6c
c6d
c6e
c6f
c70
c71
c72
c73
c74
c75
c76
c77
c78
c79
c7a
c7b
c7c
c7d
c7e
c7f
c80
c81
c82
c83
c84
c85
c86
c87
c88
c89
c8a
c8b
c8c
c8d
c8e
c8f
c90
c91
c92
c93
c94
c95
c96
c97
c98
c99
c9a
c9b
c9c
c9d
c9e
c9f
ca0
ca1
ca2
ca3
ca4
ca5
ca6
ca7
ca8
ca9
caa
cab
cac
cad
cae
caf
cb0
cb1
cb2
cb3
cb4
cb5
cb6
cb7
cb8
cb9
cba
cbb
cbc
cbd
cbe
cbf
cc0
cc1
cc2
cc3
cc4
cc5
cc6
cc7
cc8
cc9
cca
ccb
ccc
ccd
cce
ccf
cd0
cd1
cd2
cd3
cd4
cd5
cd6
cd7
cd8
cd9
cda
cdb
cdc
cdd
cde
cdf
ce0
ce1
ce2
ce3
ce4
ce5
ce6
ce7
ce8
ce9
cea
ceb
cec
ced
cee
cef
cf0
cf1
cf2
cf3
cf4
cf5
cf6
cf7
cf8
cf9
cfa
cfb
cfc
cfd
cfe
cff
d00
d01
d02
d03
d04
d05
d06
d07
d08
d09
d0a
d0b
d0c
d0d
d0e
d0f
d10
d11
d12
d13
d14
d15
d16
d17
d18
d19
d1a
d1b
d1c
d1d
d1e
d1f
d20
d21
d22
d23
d24
d25
d26
d27
d28
d29
d2a
d2b
d2c
d2d
d2e
d2f
d30
d31
d32
d33
d34
d35
d36
d37
d38
d39
d3a
d3b
d3c
d3d
d3e
d3f
d40
d41
d42
d43
d44
d45
d46
d47
d48
d49
d4a
d4b
d4c
d4d
d4e
d4f
d50
d51
d52
d53
d54
d55
d56
d57
d58
d59
d5a
d5b
d5c
d5d
d5e
d5f
d60
d61
d62
d63
d64
d65
d66
d67
d68
d69
d6a
d6b
d6c
d6d
d6e
d6f
d70
d71
d72
d73
d74
d75
d76
d77
d78
d79
d7a
d7b
d7c
d7d
d7e
d7f
d80
d81
d82
d83
d84
d85
d86
d87
d88
d89
d8a
d8b
d8c
d8d
d8e
d8f
d90
d91
d92
d93
d94
d95
d96
d97
d98
d99
d9a
d9b
d9c
d9d
d9e
d9f
da0
da1
da2
da3
da4
da5
da6
da7
da8
da9
daa
dab
dac
dad
dae
daf
db0
db1
db2
db3
db4
db5
db6
db7
db8
db9
dba
dbb
dbc
dbd
dbe
dbf
dc0
dc1
dc2
dc3
dc4
dc5
dc6
dc7
dc8
dc9
dca
dcb
dcc
dcd
dce
dcf
dd0
dd1
dd2
dd3
dd4
dd5
dd6
dd7
dd8
dd9
dda
ddb
ddc
ddd
dde
ddf
de0
de1
de2
de3
de4
de5
de6
de7
de8
de9
dea
deb
dec
ded
dee
def
df0
df1
df2
df3
df4
df5
df6
df7
df8
df9
dfa
dfb
dfc
dfd
dfe
dff
e00
e01
e02
e03
e04
e05
e06
e07
e08
e09
e0a
e0b
e0c
e0d
e0e
e0f
e10
e11
e12
e13
e14
e15
e16
e17
e18
e19
e1a
e1b
e1c
e1d
e1e
e1f
e20
e21
e22
e23
e24
e25
e26
e27
e28
e29
e2a
e2b
e2c
e2d
e2e
e2f
e30
e31
e32
e33
e34
e35
e36
e37
e38
e39
e3a
e3b
e3c
e3d
e3e
e3f
e40
e41
e42
e43
e44
e45
e46
e47
e48
e49
e4a
e4b
e4c
e4d
e4e
e4f
e50
e51
e52
e53
e54
e55
e56
e57
e58
e59
e5a
e5b
e5c
e5d
e5e
e5f
e60
e61
e62
e63
e64
e65
e66
e67
e68
e69
e6a
e6b
e6c
e6d
e6e
e6f
e70
e71
e72
e73
e74
e75
e76
e77
e78
c5f4
e7a
e7b
e7c
e7d
e7e
e7f
e80
e81
e82
e83
e84
e85
e86
e87
e88
e89
e8a
e8b
e8c
e8d
e8e
e8f
e90
e91
e92
e93
e94
e95
e96
e97
e98
e99
e9a
e9b
e9c
e9d
e9e
e9f
ea0
ea1
ea2
ea3
ea4
ea5
ea6
ea7
ea8
ea9
eaa
eab
eac
ead
eae
eaf
eb0
eb1
eb2
eb3
eb4
eb5
eb6
eb7
eb8
eb9
eba
ebb
ebc
ebd
ebe
ebf
ec0
ec1
ec2
ec3
ec4
ec5
ec6
ec7
ec8
ec9
eca
ecb
ecc
ecd
ece
ecf
ed0
ed1
ed2
ed3
ed4
ed5
ed6
ed7
ed8
ed9
eda
edb
edc
edd
ede
edf
ee0
ee1
ee2
ee3
ee4
ee5
ee6
ee7
ee8
ee9
eea
eeb
eec
eed
eee
eef
ef0
ef1
ef2
ef3
ef4
ef5
ef6
ef7
ef8
ef9
efa
efb
efc
efd
efe
eff
f00
f01
f02
f03
f04
f05
f06
f07
f08
f09
f0a
f0b
f0c
f0d
f0e
f0f
f10
f11
f12
f13
f14
f15
f16
f17
f18
f19
f1a
f1b
f1c
f1d
f1e
f1f
f20
f21
f22
f23
f24
f25
f26
f27
f28
f29
f2a
f2b
f2c
f2d
f2e
f2f
f30
f31
f32
f33
f34
f35
f36
f37
f38
f39
f3a
f3b
f3c
f3d
f3e
f3f
f40
f41
f42
f43
f44
f45
f46
f47
f48
f49
f4a
f4b
f4c
f4d
f4e
f4f
f50
f51
f52
f53
f54
f55
f56
f57
f58
f59
f5a
f5b
f5c
f5d
f5e
f5f
f60
f61
f62
f63
f64
f65
f66
f67
f68
f69
f6a
f6b
f6c
f6d
f6e
f6f
f70
f71
f72
f73
f74
f75
f76
f77
f78
f79
f7a
f7b
f7c
f7d
f7e
f7f
f80
f81
f82
f83
f84
f85
f86
f87
f88
f89
f8a
f8b
f8c
f8d
f8e
f8f
f90
f91
f92
f93
f94
f95
f96
f97
f98
f99
f9a
f9b
f9c
f9d
f9e
f9f
fa0
fa1
fa2
fa3
fa4
fa5
fa6
fa7
fa8
fa9
faa
fab
fac
fad
fae
faf
fb0
fb1
fb2
fb3
fb4
fb5
fb6
fb7
fb8
fb9
fba
fbb
fbc
fbd
fbe
fbf
fc0
fc1
fc2
fc3
fc4
fc5
fc6
fc7
fc8
fc9
fca
fcb
fcc
fcd
fce
fcf
fd0
fd1
fd2
fd3
fd4
fd5
fd6
fd7
fd8
fd9
fda
fdb
fdc
fdd
fde
fdf
fe0
fe1
fe2
fe3
fe4
fe5
fe6
fe7
fe8
fe9
fea
feb
fec
fed
fee
fef
ff0
ff1
ff2
ff3
ff4
ff5
ff6
ff7
ff8
ff9
ffa
ffb
ffc
ffd
ffe
fff
1002
1003
1004
1005
1006
1007
c5f4
1009
100a
100b
100c
100d
100e
100f
1010
1011
c5f4
1013
1014
1015
1016
1017
1018
1019
101a
101b
101c
101d
101e
101f
1020
1021
1022
1023
1024
1025
1026
1027
1028
1029
102a
102b
102c
102d
102e
102f
1030
1031
1032
1033
c5f4
1035
1036
1037
1038
1039
103c
103d
103e
103f
1040
1041
1042
1043
1044
1045
1046
1047
1048
1049
104a
104b
104c
104d
104e
104f
1050
1051
1052
1053
1054
1055
1056
1057
1058
1059
105a
105b
105c
105d
105e
105f
1060
1061
1062
1063
1064
1065
1066
1067
1068
1069
106a
106b
106c
106d
106e
106f
1070
1071
1072
1073
1074
1075
1076
1077
1078
c5f4
107a
107b
107c
107e
1081
1082
c5f4
1084
1085
1086
1087
1088
1089
c5f4
108b
108c
108d
108e
108f
1090
1091
1092
1093
1094
1095
1096
1097
1098
1099
109a
109b
109c
109d
109e
109f
10a0
10a1
10a2
10a3
10a4
10a5
10a6
10a7
10a8
10a9
10aa
10ab
10ac
10ad
10ae
10af
10b0
10b1
10b2
10b3
10b4
10b5
10b6
10b7
10b8
10b9
10ba
10bb
10bc
10bd
10be
10bf
10c0
10c1
10c2
10c3
10c4
10c5
10c6
10c7
10c8
10c9
10ca
10cb
10cc
10cd
10ce
10cf
10d0
10d1
10d2
10d3
10d4
10d5
10d6
10d7
10d8
10d9
10da
10db
10dc
10dd
10de
10df
10e0
10e1
10e2
10e3
10e4
10e5
10e6
10e7
10e8
10e9
10ea
10eb
10ec
10ed
10ee
10ef
10f0
10f1
10f2
10f3
10f4
10f5
10f6
10f7
10f8
10fa
10fc
10fe
10ff
1101
1102
1103
1104
1105
1106
1107
1108
1109
110a
110b
110c
110d
110e
110f
1110
1111
1112
1113
1114
1115
1116
1117
1118
1119
111a
111b
111c
111d
111e
111f
1120
1121
1122
1123
1124
1125
1126
1127
1128
1129
112a
112b
112c
112d
112e
112f
1130
1131
1132
1133
1134
1135
1136
1137
1138
1139
113a
113b
113c
113d
113e
113f
1140
1141
1142
1143
1144
1145
1146
1147
1148
1149
114a
114b
114c
114d
114e
114f
1150
1151
1152
1153
1154
1155
1156
1157
1158
1159
115a
115b
115c
115d
115e
115f
1160
1161
1162
1163
1164
1165
1166
1167
1168
1169
116a
116b
116c
116d
116e
116f
1170
1171
1172
1173
1174
1175
1176
1177
1178
1179
117a
117b
117c
117d
117e
117f
1180
1181
1182
1183
1184
1185
1186
1187
1188
1189
118a
118b
118c
118d
118e
118f
1190
1191
1192
1193
1194
1195
1196
1197
1198
1199
119a
119b
119c
119d
119e
119f
11a0
11a1
11a2
11a3
11a4
11a5
11a6
11a7
11a8
11a9
11aa
11ab
11ac
11ad
11ae
11af
11b0
11b1
11b2
11b3
11b4
11b5
11b6
11b7
11b8
11b9
11ba
11bb
11bc
11bd
11be
11bf
11c0
11c1
11c2
11c3
11c4
11c5
11c6
11c7
11c8
11c9
11ca
11cb
11cc
11cd
11ce
11cf
11d0
11d1
11d2
11d3
11d4
11d5
11d6
11d7
11d8
11d9
11da
11db
11dc
11dd
11de
11df
11e0
11e1
11e2
11e3
11e4
11e5
11e6
11e7
11e8
11e9
11ea
11eb
11ec
11ed
11ee
11ef
11f0
11f1
11f2
11f3
11f4
11f5
11f6
11f7
11f8
11f9
11fa
11fb
11fc
11fd
11fe
11ff
1200
1203
1204
1205
1206
1207
1208
1209
120a
120b
120c
120d
120e
120f
1210
1211
1212
1213
1214
1215
1216
1217
1218
1219
121a
121b
121c
121d
121e
121f
1220
1221
1222
1223
1224
1225
1226
1227
1228
1229
122a
122b
122c
122d
122e
122f
1230
1231
1232
1233
1234
1235
1236
1237
1238
1239
123a
123b
123c
123d
123e
123f
1240
1241
1242
1243
1244
1245
1246
1247
1248
1249
124a
124b
124c
124d
124e
124f
1250
1251
1252
1253
1254
1255
1256
1257
1258
1259
125a
125b
125c
125d
125e
125f
1260
1261
1262
1263
1264
1265
1266
1267
1268
1269
126a
126b
126c
126d
126e
126f
1270
1271
1272
1273
1274
1275
1276
1277
1278
1279
127a
127b
127c
127d
127e
127f
1280
1281
1282
1283
1284
1285
1286
1287
1288
1289
128a
128b
128c
128d
128e
128f
1290
1291
1292
1293
1294
1295
1296
1297
1298
1299
129a
129b
129c
129d
129e
129f
12a0
12a1
12a2
12a3
12a4
12a5
12a6
12a7
12a8
12a9
12aa
12ab
12ac
12ad
12ae
12af
12b0
12b1
12b2
12b3
12b4
12b5
12b6
12b7
12b8
12b9
12ba
12bb
12bc
12bd
12be
12bf
12c0
12c1
12c2
12c3
12c4
12c5
12c6
12c7
12c8
12c9
12ca
12cb
12cc
12cd
12ce
12cf
12d0
12d1
12d2
12d3
12d4
12d5
12d6
12d7
12d8
12d9
12da
12db
12dc
12dd
12de
12df
12e0
12e1
12e2
12e3
12e4
12e5
12e6
12e7
12e8
12e9
12ea
12eb
12ec
12ed
12ee
12ef
12f0
12f1
12f2
12f3
12f4
12f5
12f6
12f7
12f8
12f9
12fa
12fb
12fc
12fd
12fe
12ff
1300
1301
1302
1303
1306
1307
1308
1309
130a
130b
130c
130d
130e
130f
1310
1311
1312
1313
1314
1315
1316
1317
1318
1319
131a
131b
131c
131d
131e
131f
1320
1321
1322
1323
1324
1325
1326
1327
1328
1329
132a
132b
132c
132d
132e
132f
1330
1331
1332
1333
1334
1335
1336
1337
1338
1339
133a
133b
133c
133d
133e
133f
1340
1341
1342
1343
1344
1345
1346
1347
1348
1349
134a
134b
134c
134d
134e
134f
1350
1351
1352
1353
1354
1355
1356
1357
1358
1359
135a
135b
135c
135d
135e
135f
1360
1361
1362
1363
1364
1365
1366
1367
1368
1369
136a
136b
136c
136d
136e
136f
1370
1371
1372
1373
1374
1375
1376
1377
1378
1379
137a
137b
137c
137d
137e
137f
1380
1381
1382
1383
1384
1385
1386
1387
1388
1389
138a
138b
138c
138d
138e
138f
1390
1391
1392
1393
1394
1395
1396
1397
1398
1399
139a
139b
139c
139d
139e
139f
13a0
13a1
13a2
13a3
13a4
13a5
13a6
13a7
13a8
13a9
13aa
13ab
13ac
13ad
13ae
13af
13b0
13b1
13b2
13b3
13b4
13b5
13b6
13b7
13b8
13b9
13ba
13bb
13bc
13bd
13be
13bf
13c0
13c1
13c2
13c3
13c4
13c5
13c6
13c7
13c8
13c9
13ca
13cb
13cc
13cd
13ce
13cf
13d0
13d1
13d2
13d3
13d4
13d5
13d6
13d7
13d8
13d9
13da
13db
13dc
13dd
13de
13df
13e0
13e1
13e2
13e3
13e4
13e5
13e6
13e7
13e8
13e9
13ea
13eb
13ec
13ed
13ee
13ef
13f0
13f1
13f2
13f3
13f4
13f5
13f6
13f7
13f8
13f9
13fa
13fb
13fc
13fd
13fe
13ff
1400
1401
1402
1403
1404
1405
1406
1407
1408
1409
140a
140b
140c
140d
140e
140f
1410
1411
1412
1413
1414
1415
1416
1417
1418
1419
141a
141b
141c
141d
141e
141f
1420
1421
1422
1423
1424
1425
1426
1427
1428
1429
142a
142b
142c
142d
142e
142f
1430
1431
1432
1433
1434
1435
1436
1437
1438
1439
143a
143b
143c
143d
143e
143f
1440
1441
1442
1443
1444
1445
1446
1447
1448
1449
144a
144b
144c
144d
144e
144f
1450
1451
1452
1453
1454
1455
1456
1457
1458
1459
145a
145b
145c
145d
145e
145f
1460
1461
1462
1463
1464
1465
1466
1467
1468
1469
146a
146b
146c
146d
146e
146f
1470
1471
1472
1473
1474
1475
1476
1477
1478
1479
147a
147b
147c
147d
147e
147f
1480
1481
1482
1483
1484
1485
1486
1487
1488
1489
148a
148b
148c
148d
148e
148f
1490
1491
1492
1493
1494
1495
1496
1497
1498
1499
149a
149b
149c
149d
149e
149f
14a0
14a1
14a2
14a3
14a4
14a5
14a6
14a7
14a8
14a9
14aa
14ab
14ac
14ad
14ae
14af
14b0
14b1
14b2
14b3
14b4
14b5
14b6
14b7
14b8
14b9
14ba
14bb
14bc
14bd
14be
14bf
14c0
14c1
14c2
14c3
14c4
14c5
14c6
14c7
14c8
14c9
14ca
14cb
14cc
14cd
14ce
14cf
14d0
14d1
14d2
14d3
14d4
14d5
14d6
14d7
14d8
14d9
14da
14db
14dc
14dd
14de
14df
14e0
14e1
14e2
14e3
14e4
14e5
14e6
14e7
14e8
14e9
14ea
14eb
14ec
14ed
14ee
14ef
14f0
14f1
14f2
14f3
14f4
14f5
14f6
14f7
14f8
14f9
14fa
14fb
14fc
14fd
14fe
14ff
1500
1501
1502
1503
1504
1505
1506
1507
1508
1509
150a
150b
150c
150d
150e
150f
1510
1511
1512
1513
1514
1515
1516
1517
1518
1519
151a
151b
151c
151d
151e
151f
1520
1521
1522
1523
1524
1525
1526
1527
1528
1529
152a
152b
152c
152d
152e
152f
1530
1531
1532
1533
1534
1535
1536
1537
1538
1539
153a
153b
153c
153d
153e
153f
1540
1541
1542
1543
1544
1545
1546
1547
1548
1549
154a
154b
154c
154d
154e
154f
1550
1551
1552
1553
1554
1555
1556
1557
1558
1559
155a
155b
155c
155d
155e
155f
1560
1561
1562
1563
1564
1565
1566
1567
1568
1569
156a
156b
156c
156d
156e
156f
1570
1571
1572
1573
1574
1575
1576
1577
1578
1579
157a
157b
157c
157d
157e
157f
1580
1581
1582
1583
1584
1585
1586
1587
1588
1589
158a
158b
158c
158d
158e
158f
1590
1591
1592
1593
1594
1595
1596
1597
1598
1599
159a
159b
159c
159d
159e
159f
15a0
15a1
15a2
15a3
15a4
15a5
15a6
15a7
15a8
15a9
15aa
15ab
15ac
15ad
15ae
15af
15b0
15b1
15b2
15b3
15b4
15b5
15b6
15b7
15b8
15b9
15ba
15bb
15bc
15bd
15be
15bf
15c0
15c1
15c2
15c3
15c4
15c5
15c6
15c7
15c8
15c9
15ca
15cb
15cc
15cd
15ce
15cf
15d0
15d1
15d2
15d3
15d4
15d5
15d6
15d7
15d8
15d9
15da
15db
15dc
15dd
15de
15df
15e0
15e1
15e2
15e3
15e4
15e5
15e6
15e7
15e8
15e9
15ea
15eb
15ec
15ed
15ee
15ef
15f0
15f1
15f2
15f3
15f4
15f5
15f6
15f7
15f8
15f9
15fa
15fb
15fc
15fd
15fe
15ff
1600
1601
1602
1603
1604
1605
1606
1607
1608
1609
160a
160b
160c
160d
160e
160f
1610
1611
1612
1613
1614
1615
1616
1617
1618
1619
161a
161b
161c
161d
161e
161f
1620
1621
1622
1623
1624
1625
1626
1627
1628
1629
162a
162b
162c
162d
162e
162f
1630
1631
1632
1633
1634
1635
1636
1637
1638
1639
163a
163b
163c
163d
163e
163f
1640
1641
1642
1643
1644
1645
1646
1647
1648
1649
164a
164b
164c
164d
164e
164f
1650
1651
1652
1653
1654
1655
1656
1657
1658
1659
165a
165b
165c
165d
165e
165f
1660
1661
1662
1663
1664
1665
1666
1667
1668
1669
166a
166b
166c
166d
166e
166f
1670
1671
1672
1673
1674
1675
1676
1677
1678
c5f4
167a
167b
167c
167d
167e
167f
1680
1681
1682
1683
1684
1685
1686
1687
1688
1689
168a
168b
168c
168d
168e
168f
1690
1691
1692
1693
1694
1695
1696
1697
1698
1699
169a
169b
169c
169d
169e
169f
16a0
16a1
16a2
16a3
16a4
16a5
16a6
16a7
16a8
16a9
16aa
16ab
16ac
16ad
16ae
16af
16b0
16b1
16b2
16b3
16b4
16b5
16b6
16b7
16b8
16b9
16ba
16bb
16bc
16bd
16be
16bf
16c0
16c1
16c2
16c3
16c4
16c5
16c6
16c7
16c8
16c9
16ca
16cb
16cc
16cd
16ce
16cf
16d0
16d1
16d2
16d3
16d4
16d5
16d6
16d7
16d8
16d9
16da
16db
16dc
16dd
16de
16df
16e0
16e1
16e2
16e3
16e4
16e5
16e6
16e7
16e8
16e9
16ea
16eb
16ec
16ed
16ee
16ef
16f0
16f1
16f2
16f3
16f4
16f5
16f6
16f7
16f8
16f9
16fa
16fb
16fc
16fd
16fe
16ff
1700
1701
1702
1703
1704
1705
1706
1707
1708
1709
170a
170b
170c
170d
170e
170f
1710
1711
1712
1713
1714
1715
1716
1717
1718
1719
171a
171b
171c
171d
171e
171f
1720
1721
1722
1723
1724
1725
1726
1727
1728
1729
172a
172b
172c
172d
172e
172f
1730
1731
1732
1733
1734
1735
1736
1737
1738
1739
173a
173b
173c
173d
173e
173f
1740
1741
1742
1743
1744
1745
1746
1747
1748
1749
174a
174b
174c
174d
174e
174f
1750
1751
1752
1753
1754
1755
1756
1757
1758
1759
175a
175b
175c
175d
175e
175f
1760
1761
1762
1763
1764
1765
1766
1767
1768
1769
176a
176b
176c
176d
176e
176f
1770
1771
1772
1773
1774
1775
1776
1777
1778
1779
177a
177b
177c
177d
177e
177f
1780
1781
1782
1783
1784
1785
1786
1787
1788
1789
178a
178b
178c
178d
178e
178f
1790
1791
1792
1793
1794
1795
1796
1797
1798
1799
179a
179b
179c
179d
179e
179f
17a0
17a1
17a2
17a3
17a4
17a5
17a6
17a7
17a8
17a9
17aa
17ab
17ac
17ad
17ae
17af
17b0
17b1
17b2
17b3
17b4
17b5
17b6
17b7
17b8
17b9
17ba
17bb
17bc
17bd
17be
17bf
17c0
17c1
17c2
17c3
17c4
17c5
17c6
17c7
17c8
17c9
17ca
17cb
17cc
17cd
17ce
17cf
17d0
17d1
17d2
17d3
17d4
17d5
17d6
17d7
17d8
17d9
17da
17db
17dc
17dd
17de
17df
17e0
17e1
17e2
17e3
17e4
17e5
17e6
17e7
17e8
17e9
17ea
17eb
17ec
17ed
17ee
17ef
17f0
17f1
17f2
17f3
17f4
17f5
17f6
17f7
17f8
17f9
17fa
17fb
17fc
17fd
17fe
17ff
1802
1803
1804
1805
1806
1807
c5f4
1809
180a
180b
180c
180d
180e
180f
1810
1811
c5f4
1813
1814
1815
1816
1817
1818
1819
181a
181b
181c
181d
181e
181f
1820
1821
1822
1823
1824
1825
1826
1827
1828
1829
182a
182b
182c
182d
182e
182f
1830
1831
1832
1833
c5f4
1835
1836
1837
1838
1839
183a
183b
183c
183d
183e
183f
1840
1841
1842
1843
1844
1845
1846
1847
1848
1849
184a
184b
184c
184d
184e
184f
1850
1851
1852
1853
1854
1855
1856
1857
1858
1859
185a
185b
185c
185d
185e
185f
1860
1861
1862
1863
1864
1865
1866
1867
1868
1869
186a
186b
186c
186d
186e
186f
1870
1871
1872
1873
1874
1875
1876
1877
1878
c5f4
187a
187b
187c
187e
1881
1882
c5f4
1884
1885
1886
1887
1888
1889
c5f4
188b
188c
188d
188e
188f
1890
1891
1892
1893
1894
1895
1896
1897
1898
1899
189a
189b
189c
189d
189e
189f
18a0
18a1
18a2
18a3
18a4
18a5
18a6
18a7
18a8
18a9
18aa
18ab
18ac
18ad
18ae
18af
18b0
18b1
18b2
18b3
18b4
18b5
18b6
18b7
18b8
18b9
18ba
18bb
18bc
18bd
18be
18bf
18c0
18c1
18c2
18c3
18c4
18c5
18c6
18c7
18c8
18c9
18ca
18cb
18cc
18cd
18ce
18cf
18d0
18d1
18d2
18d3
18d4
18d5
18d6
18d7
18d8
18d9
18da
18db
18dc
18dd
18de
18df
18e0
18e1
18e2
18e3
18e4
18e5
18e6
18e7
18e8
18e9
18ea
18eb
18ec
18ed
18ee
18ef
18f0
18f1
18f2
18f3
18f4
18f5
18f6
18f7
18f8
18fa
18fb
18fd
18ff
1900
1901
1902
1903
1904
1905
1906
1907
1908
1909
190a
190b
190c
190d
190e
190f
1910
1911
1912
1913
1914
1915
1916
1917
1918
1919
191a
191b
191c
191d
191e
191f
1920
1921
1922
1923
1924
1925
1926
1927
1928
1929
192a
192b
192c
192d
192e
192f
1930
1931
1932
1933
1934
1935
1936
1937
1938
1939
193a
193b
193c
193d
193e
193f
1940
1941
1942
1943
1944
1945
1946
1947
1948
1949
194a
194b
194c
194d
194e
194f
1950
1951
1952
1953
1954
1955
1956
1957
1958
1959
195a
195b
195c
195d
195e
195f
1960
1961
1962
1963
1964
1965
1966
1967
1968
1969
196a
196b
196c
196d
196e
196f
1970
1971
1972
1973
1974
1975
1976
1977
1978
1979
197a
197b
197c
197d
197e
197f
1980
1981
1982
1983
1984
1985
1986
1987
1988
1989
198a
198b
198c
198d
198e
198f
1990
1991
1992
1993
1994
1995
1996
1997
1998
1999
199a
199b
199c
199d
199e
199f
19a0
19a1
19a2
19a3
19a4
19a5
19a6
19a7
19a8
19a9
19aa
19ab
19ac
19ad
19ae
19af
19b0
19b1
19b2
19b3
19b4
19b5
19b6
19b7
19b8
19b9
19ba
19bb
19bc
19bd
19be
19bf
19c0
19c1
19c2
19c3
19c4
19c5
19c6
19c7
19c8
19c9
19ca
19cb
19cc
19cd
19ce
19cf
19d0
19d1
19d2
19d3
19d4
19d5
19d6
19d7
19d8
19d9
19da
19db
19dc
19dd
19de
19df
19e0
19e1
19e2
19e3
19e4
19e5
19e6
19e7
19e8
19e9
19ea
19eb
19ec
19ed
19ee
19ef
19f0
19f1
19f2
19f3
19f4
19f5
19f6
19f7
19f8
19f9
19fa
19fb
19fc
19fd
19fe
19ff
1a00
1a03
1a04
1a05
1a06
1a07
1a08
1a09
1a0a
1a0b
1a0c
1a0d
1a0e
1a0f
1a10
1a11
1a12
1a13
1a14
1a15
1a16
1a17
1a18
1a19
1a1a
1a1b
1a1c
1a1d
1a1e
1a1f
1a20
1a21
1a22
1a23
1a24
1a25
1a26
1a27
1a28
1a29
1a2a
1a2b
1a2c
1a2d
1a2e
1a2f
1a30
1a31
1a32
1a33
1a34
1a35
1a36
1a37
1a38
1a39
1a3a
1a3b
1a3c
1a3d
1a3e
1a3f
1a40
1a41
1a42
1a43
1a44
1a45
1a46
1a47
1a48
1a49
1a4a
1a4b
1a4c
1a4d
1a4e
1a4f
1a50
1a51
1a52
1a53
1a54
1a55
1a56
1a57
1a58
1a59
1a5a
1a5b
1a5c
1a5d
1a5e
1a5f
1a60
1a61
1a62
1a63
1a64
1a65
1a66
1a67
1a68
1a69
1a6a
1a6b
1a6c
1a6d
1a6e
1a6f
1a70
1a71
1a72
1a73
1a74
1a75
1a76
1a77
1a78
1a79
1a7a
1a7b
1a7c
1a7d
1a7e
1a7f
1a80
1a81
1a82
1a83
1a84
1a85
1a86
1a87
1a88
1a89
1a8a
1a8b
1a8c
1a8d
1a8e
1a8f
1a90
1a91
1a92
1a93
1a94
1a95
1a96
1a97
1a98
1a99
1a9a
1a9b
1a9c
1a9d
1a9e
1a9f
1aa0
1aa1
1aa2
1aa3
1aa4
1aa5
1aa6
1aa7
1aa8
1aa9
1aaa
1aab
1aac
1aad
1aae
1aaf
1ab0
1ab1
1ab2
1ab3
1ab4
1ab5
1ab6
1ab7
1ab8
1ab9
1aba
1abb
1abc
1abd
1abe
1abf
1ac0
1ac1
1ac2
1ac3
1ac4
1ac5
1ac6
1ac7
1ac8
1ac9
1aca
1acb
1acc
1acd
1ace
1acf
1ad0
1ad1
1ad2
1ad3
1ad4
1ad5
1ad6
1ad7
1ad8
1ad9
1ada
1adb
1adc
1add
1ade
1adf
1ae0
1ae1
1ae2
1ae3
1ae4
1ae5
1ae6
1ae7
1ae8
1ae9
1aea
1aeb
1aec
1aed
1aee
1aef
1af0
1af1
1af2
1af3
1af4
1af5
1af6
1af7
1af8
1af9
1afa
1afb
1afc
1afd
1afe
1aff
1b00
1b01
1b02
1b03
1b06
1b07
1b08
1b09
1b0a
1b0b
1b0c
1b0d
1b0e
1b0f
1b10
1b11
1b12
1b13
1b14
1b15
1b16
1b17
1b18
1b19
1b1a
1b1b
1b1c
1b1d
1b1e
1b1f
1b20
1b21
1b22
1b23
1b24
1b25
1b26
1b27
1b28
1b29
1b2a
1b2b
1b2c
1b2d
1b2e
1b2f
1b30
1b31
1b32
1b33
1b34
1b35
1b36
1b37
1b38
1b39
1b3a
1b3b
1b3c
1b3d
1b3e
1b3f
1b40
1b41
1b42
1b43
1b44
1b45
1b46
1b47
1b48
1b49
1b4a
1b4b
1b4c
1b4d
1b4e
1b4f
1b50
1b51
1b52
1b53
1b54
1b55
1b56
1b57
1b58
1b59
1b5a
1b5b
1b5c
1b5d
1b5e
1b5f
1b60
1b61
1b62
1b63
1b64
1b65
1b66
1b67
1b68
1b69
1b6a
1b6b
1b6c
1b6d
1b6e
1b6f
1b70
1b71
1b72
1b73
1b74
1b75
1b76
1b77
1b78
1b79
1b7a
1b7b
1b7c
1b7d
1b7e
1b7f
1b80
1b81
1b82
1b83
1b84
1b85
1b86
1b87
1b88
1b89
1b8a
1b8b
1b8c
1b8d
1b8e
1b8f
1b90
1b91
1b92
1b93
1b94
1b95
1b96
1b97
1b98
1b99
1b9a
1b9b
1b9c
1b9d
1b9e
1b9f
1ba0
1ba1
1ba2
1ba3
1ba4
1ba5
1ba6
1ba7
1ba8
1ba9
1baa
1bab
1bac
1bad
1bae
1baf
1bb0
1bb1
1bb2
1bb3
1bb4
1bb5
1bb6
1bb7
1bb8
1bb9
1bba
1bbb
1bbc
1bbd
1bbe
1bbf
1bc0
1bc1
1bc2
1bc3
1bc4
1bc5
1bc6
1bc7
1bc8
1bc9
1bca
1bcb
1bcc
1bcd
1bce
1bcf
1bd0
1bd1
1bd2
1bd3
1bd4
1bd5
1bd6
1bd7
1bd8
1bd9
1bda
1bdb
1bdc
1bdd
1bde
1bdf
1be0
1be1
1be2
1be3
1be4
1be5
1be6
1be7
1be8
1be9
1bea
1beb
1bec
1bed
1bee
1bef
1bf0
1bf1
1bf2
1bf3
1bf4
1bf5
1bf6
1bf7
1bf8
1bf9
1bfa
1bfb
1bfc
1bfd
1bfe
1bff
1c00
1c01
1c02
1c03
1c04
1c05
1c06
1c07
1c08
1c09
1c0a
1c0b
1c0c
1c0d
1c0e
1c0f
1c10
1c11
1c12
1c13
1c14
1c15
1c16
1c17
1c18
1c19
1c1a
1c1b
1c1c
1c1d
1c1e
1c1f
1c20
1c21
1c22
1c23
1c24
1c25
1c26
1c27
1c28
1c29
1c2a
1c2b
1c2c
1c2d
1c2e
1c2f
1c30
1c31
1c32
1c33
1c34
1c35
1c36
1c37
1c38
1c39
1c3a
1c3b
1c3c
1c3d
1c3e
1c3f
1c40
1c41
1c42
1c43
1c44
1c45
1c46
1c47
1c48
1c49
1c4a
1c4b
1c4c
1c4d
1c4e
1c4f
1c50
1c51
1c52
1c53
1c54
1c55
1c56
1c57
1c58
1c59
1c5a
1c5b
1c5c
1c5d
1c5e
1c5f
1c60
1c61
1c62
1c63
1c64
1c65
1c66
1c67
1c68
1c69
1c6a
1c6b
1c6c
1c6d
1c6e
1c6f
1c70
1c71
1c72
1c73
1c74
1c75
1c76
1c77
1c78
1c79
1c7a
1c7b
1c7c
1c7d
1c7e
1c7f
1c80
1c81
1c82
1c83
1c84
1c85
1c86
1c87
1c88
1c89
1c8a
1c8b
1c8c
1c8d
1c8e
1c8f
1c90
1c91
1c92
1c93
1c94
1c95
1c96
1c97
1c98
1c99
1c9a
1c9b
1c9c
1c9d
1c9e
1c9f
1ca0
1ca1
1ca2
1ca3
1ca4
1ca5
1ca6
1ca7
1ca8
1ca9
1caa
1cab
1cac
1cad
1cae
1caf
1cb0
1cb1
1cb2
1cb3
1cb4
1cb5
1cb6
1cb7
1cb8
1cb9
1cba
1cbb
1cbc
1cbd
1cbe
1cbf
1cc0
1cc1
1cc2
1cc3
1cc4
1cc5
1cc6
1cc7
1cc8
1cc9
1cca
1ccb
1ccc
1ccd
1cce
1ccf
1cd0
1cd1
1cd2
1cd3
1cd4
1cd5
1cd6
1cd7
1cd8
1cd9
1cda
1cdb
1cdc
1cdd
1cde
1cdf
1ce0
1ce1
1ce2
1ce3
1ce4
1ce5
1ce6
1ce7
1ce8
1ce9
1cea
1ceb
1cec
1ced
1cee
1cef
1cf0
1cf1
1cf2
1cf3
1cf4
1cf5
1cf6
1cf7
1cf8
1cf9
1cfa
1cfb
1cfc
1cfd
1cfe
1cff
1d00
1d01
1d02
1d03
1d04
1d05
1d06
1d07
1d08
1d09
1d0a
1d0b
1d0c
1d0d
1d0e
1d0f
1d10
1d11
1d12
1d13
1d14
1d15
1d16
1d17
1d18
1d19
1d1a
1d1b
1d1c
1d1d
1d1e
1d1f
1d20
1d21
1d22
1d23
1d24
1d25
1d26
1d27
1d28
1d29
1d2a
1d2b
1d2c
1d2d
1d2e
1d2f
1d30
1d31
1d32
1d33
1d34
1d35
1d36
1d37
1d38
1d39
1d3a
1d3b
1d3c
1d3d
1d3e
1d3f
1d40
1d41
1d42
1d43
1d44
1d45
1d46
1d47
1d48
1d49
1d4a
1d4b
1d4c
1d4d
1d4e
1d4f
1d50
1d51
1d52
1d53
1d54
1d55
1d56
1d57
1d58
1d59
1d5a
1d5b
1d5c
1d5d
1d5e
1d5f
1d60
1d61
1d62
1d63
1d64
1d65
1d66
1d67
1d68
1d69
1d6a
1d6b
1d6c
1d6d
1d6e
1d6f
1d70
1d71
1d72
1d73
1d74
1d75
1d76
1d77
1d78
1d79
1d7a
1d7b
1d7c
1d7d
1d7e
1d7f
1d80
1d81
1d82
1d83
1d84
1d85
1d86
1d87
1d88
1d89
1d8a
1d8b
1d8c
1d8d
1d8e
1d8f
1d90
1d91
1d92
1d93
1d94
1d95
1d96
1d97
1d98
1d99
1d9a
1d9b
1d9c
1d9d
1d9e
1d9f
1da0
1da1
1da2
1da3
1da4
1da5
1da6
1da7
1da8
1da9
1daa
1dab
1dac
1dad
1dae
1daf
1db0
1db1
1db2
1db3
1db4
1db5
1db6
1db7
1db8
1db9
1dba
1dbb
1dbc
1dbd
1dbe
1dbf
1dc0
1dc1
1dc2
1dc3
1dc4
1dc5
1dc6
1dc7
1dc8
1dc9
1dca
1dcb
1dcc
1dcd
1dce
1dcf
1dd0
1dd1
1dd2
1dd3
1dd4
1dd5
1dd6
1dd7
1dd8
1dd9
1dda
1ddb
1ddc
1ddd
1dde
1ddf
1de0
1de1
1de2
1de3
1de4
1de5
1de6
1de7
1de8
1de9
1dea
1deb
1dec
1ded
1dee
1def
1df0
1df1
1df2
1df3
1df4
1df5
1df6
1df7
1df8
1df9
1dfa
1dfb
1dfc
1dfd
1dfe
1dff
1e00
1e01
1e02
1e03
1e04
1e05
1e06
1e07
1e08
1e09
1e0a
1e0b
1e0c
1e0d
1e0e
1e0f
1e10
1e11
1e12
1e13
1e14
1e15
1e16
1e17
1e18
1e19
1e1a
1e1b
1e1c
1e1d
1e1e
1e1f
1e20
1e21
1e22
1e23
1e24
1e25
1e26
1e27
1e28
1e29
1e2a
1e2b
1e2c
1e2d
1e2e
1e2f
1e30
1e31
1e32
1e33
1e34
1e35
1e36
1e37
1e38
1e39
1e3a
1e3b
1e3c
1e3d
1e3e
1e3f
1e40
1e41
1e42
1e43
1e44
1e45
1e46
1e47
1e48
1e49
1e4a
1e4b
1e4c
1e4d
1e4e
1e4f
1e50
1e51
1e52
1e53
1e54
1e55
1e56
1e57
1e58
1e59
1e5a
1e5b
1e5c
1e5d
1e5e
1e5f
1e60
1e61
1e62
1e63
1e64
1e65
1e66
1e67
1e68
1e69
1e6a
1e6b
1e6c
1e6d
1e6e
1e6f
1e70
1e71
1e72
1e73
1e74
1e75
1e76
1e77
1e78
c5f4
1e7a
1e7b
1e7c
1e7d
1e7e
1e7f
1e80
1e81
1e82
1e83
1e84
1e85
1e86
1e87
1e88
1e89
1e8a
1e8b
1e8c
1e8d
1e8e
1e8f
1e90
1e91
1e92
1e93
1e94
1e95
1e96
1e97
1e98
1e99
1e9a
1e9b
1e9c
1e9d
1e9e
1e9f
1ea0
1ea1
1ea2
1ea3
1ea4
1ea5
1ea6
1ea7
1ea8
1ea9
1eaa
1eab
1eac
1ead
1eae
1eaf
1eb0
1eb1
1eb2
1eb3
1eb4
1eb5
1eb6
1eb7
1eb8
1eb9
1eba
1ebb
1ebc
1ebd
1ebe
1ebf
1ec0
1ec1
1ec2
1ec3
1ec4
1ec5
1ec6
1ec7
1ec8
1ec9
1eca
1ecb
1ecc
1ecd
1ece
1ecf
1ed0
1ed1
1ed2
1ed3
1ed4
1ed5
1ed6
1ed7
1ed8
1ed9
1eda
1edb
1edc
1edd
1ede
1edf
1ee0
1ee1
1ee2
1ee3
1ee4
1ee5
1ee6
1ee7
1ee8
1ee9
1eea
1eeb
1eec
1eed
1eee
1eef
1ef0
1ef1
1ef2
1ef3
1ef4
1ef5
1ef6
1ef7
1ef8
1ef9
1efa
1efb
1efc
1efd
1efe
1eff
1f00
1f01
1f02
1f03
1f04
1f05
1f06
1f07
1f08
1f09
1f0a
1f0b
1f0c
1f0d
1f0e
1f0f
1f10
1f11
1f12
1f13
1f14
1f15
1f16
1f17
1f18
1f19
1f1a
1f1b
1f1c
1f1d
1f1e
1f1f
1f20
1f21
1f22
1f23
1f24
1f25
1f26
1f27
1f28
1f29
1f2a
1f2b
1f2c
1f2d
1f2e
1f2f
1f30
1f31
1f32
1f33
1f34
1f35
1f36
1f37
1f38
1f39
1f3a
1f3b
1f3c
1f3d
1f3e
1f3f
1f40
1f41
1f42
1f43
1f44
1f45
1f46
1f47
1f48
1f49
1f4a
1f4b
1f4c
1f4d
1f4e
1f4f
1f50
1f51
1f52
1f53
1f54
1f55
1f56
1f57
1f58
1f59
1f5a
1f5b
1f5c
1f5d
1f5e
1f5f
1f60
1f61
1f62
1f63
1f64
1f65
1f66
1f67
1f68
1f69
1f6a
1f6b
1f6c
1f6d
1f6e
1f6f
1f70
1f71
1f72
1f73
1f74
1f75
1f76
1f77
1f78
1f79
1f7a
1f7b
1f7c
1f7d
1f7e
1f7f
1f80
1f81
1f82
1f83
1f84
1f85
1f86
1f87
1f88
1f89
1f8a
1f8b
1f8c
1f8d
1f8e
1f8f
1f90
1f91
1f92
1f93
1f94
1f95
1f96
1f97
1f98
1f99
1f9a
1f9b
1f9c
1f9d
1f9e
1f9f
1fa0
1fa1
1fa2
1fa3
1fa4
1fa5
1fa6
1fa7
1fa8
1fa9
1faa
1fab
1fac
1fad
1fae
1faf
1fb0
1fb1
1fb2
1fb3
1fb4
1fb5
1fb6
1fb7
1fb8
1fb9
1fba
1fbb
1fbc
1fbd
1fbe
1fbf
1fc0
1fc1
1fc2
1fc3
1fc4
1fc5
1fc6
1fc7
1fc8
1fc9
1fca
1fcb
1fcc
1fcd
1fce
1fcf
1fd0
1fd1
1fd2
1fd3
1fd4
1fd5
1fd6
1fd7
1fd8
1fd9
1fda
1fdb
1fdc
1fdd
1fde
1fdf
1fe0
1fe1
1fe2
1fe3
1fe4
1fe5
1fe6
1fe7
1fe8
1fe9
1fea
1feb
1fec
1fed
1fee
1fef
1ff0
1ff1
1ff2
1ff3
1ff4
1ff5
1ff6
1ff7
1ff8
1ff9
1ffa
1ffb
1ffc
1ffd
1ffe
1fff
2002
2003
2004
c5f4
2006
2007
c5f4
2009
200a
200b
200c
c5f4
200e
200f
c5f4
2011
2012
2013
2014
c5f4
2016
2017
c5f4
2019
201a
201b
201c
c5f4
201e
201f
c5f4
2021
2022
2023
2024
c5f4
2026
2027
c5f4
2029
202a
202b
202c
c5f4
202e
202f
c5f4
2031
2032
2033
2034
c5f4
2036
2037
c5f4
2039
203a
203b
203c
c5f4
203e
203f
c5f4
2041
2042
2043
2044
c5f4
2046
2047
c5f4
2049
204a
204b
204c
c5f4
204e
204f
c5f4
2051
2052
2053
2054
c5f4
2056
2057
c5f4
2059
205a
205b
205c
c5f4
205e
205f
c5f4
2061
2062
2063
2064
c5f4
2066
2067
c5f4
2069
206a
206b
206c
c5f4
206e
206f
c5f4
2071
2072
2073
2074
c5f4
2076
2077
c5f4
2079
207a
207b
207c
c5f4
207e
207f
c5f4
2081
2082
2083
2084
c5f4
2086
2087
c5f4
2089
208a
208b
208c
c5f4
208e
208f
c5f4
2091
2092
2093
2094
c5f4
2096
2097
c5f4
2099
209a
209b
209c
c5f4
209e
209f
c5f4
20a1
20a2
20a3
20a4
c5f4
20a6
20a7
c5f4
20a9
20aa
20ab
20ac
c5f4
20ae
20af
c5f4
20b1
20b2
20b3
20b4
c5f4
20b6
20b7
c5f4
20b9
20ba
20bb
20bc
c5f4
20be
20bf
c5f4
20c1
20c2
20c3
20c4
c5f4
20c6
20c7
c5f4
20c9
20ca
20cb
20cc
c5f4
20ce
20cf
c5f4
20d1
20d2
20d3
20d4
c5f4
20d6
20d7
c5f4
20d9
20da
20db
20dc
c5f4
20de
20df
c5f4
20e1
20e2
20e3
20e4
c5f4
20e6
20e7
c5f4
20e9
20ea
20eb
20ec
c5f4
20ee
20ef
c5f4
20f1
20f2
20f3
20f4
c5f4
20f6
20f7
c5f4
20f9
20fa
20fb
20fc
c5f4
20fe
20ff
c5f4
2101
2102
2103
2104
c5f4
2106
2107
c5f4
2109
210a
210b
210c
c5f4
210e
210f
c5f4
2111
2112
2113
2114
c5f4
2116
2117
c5f4
2119
211a
211b
211c
c5f4
211e
211f
c5f4
2121
2122
2123
2124
c5f4
2126
2127
c5f4
2129
212a
212b
212c
c5f4
212e
212f
c5f4
2131
2132
2133
2134
c5f4
2136
2137
c5f4
2139
213a
213b
213c
c5f4
213e
213f
c5f4
2141
2142
2143
2144
c5f4
2146
2147
c5f4
2149
214a
214b
214c
c5f4
214e
214f
c5f4
2151
2152
2153
2154
c5f4
2156
2157
c5f4
2159
215a
215b
215c
c5f4
215e
215f
c5f4
2161
2162
2163
2164
c5f4
2166
2167
c5f4
2169
216a
216b
216c
c5f4
216e
216f
c5f4
2171
2172
2173
2174
c5f4
2176
2177
c5f4
2179
217a
217b
217c
c5f4
217e
217f
c5f4
2181
2182
2183
2184
c5f4
2186
2187
c5f4
2189
218a
218b
218c
c5f4
218e
218f
c5f4
2191
2192
2193
2194
c5f4
2196
2197
c5f4
2199
219a
219b
219c
c5f4
219e
219f
c5f4
21a1
21a2
21a3
21a4
c5f4
21a6
21a7
c5f4
21a9
21aa
21ab
21ac
c5f4
21ae
21af
c5f4
21b1
21b2
21b3
21b4
c5f4
21b6
21b7
c5f4
21b9
21ba
21bb
21bc
c5f4
21be
21bf
c5f4
21c1
21c2
21c3
21c4
c5f4
21c6
21c7
c5f4
21c9
21ca
21cb
21cc
c5f4
21ce
21cf
c5f4
21d1
21d2
21d3
21d4
c5f4
21d6
21d7
c5f4
21d9
21da
21db
21dc
c5f4
21de
21df
c5f4
21e1
21e2
21e3
21e4
c5f4
21e6
21e7
c5f4
21e9
21ea
21eb
21ec
c5f4
21ee
21ef
c5f4
21f1
21f2
21f3
21f4
c5f4
21f6
21f7
c5f4
21f9
21fa
21fb
21fc
c5f4
21fe
21ff
c5f4
2201
2202
2203
2204
c5f4
2206
2207
c5f4
2209
220a
220b
220c
c5f4
220e
220f
c5f4
2211
2212
2213
2214
c5f4
2216
2217
c5f4
2219
221a
221b
221c
c5f4
221e
221f
c5f4
2221
2222
2223
2224
c5f4
2226
2227
c5f4
2229
222a
222b
222c
c5f4
222e
222f
c5f4
2231
2232
2233
2234
c5f4
2236
2237
c5f4
2239
223a
223b
223c
c5f4
223e
223f
c5f4
2241
2242
2243
2244
c5f4
2246
2247
c5f4
2249
224a
224b
224c
c5f4
224e
224f
c5f4
2251
2252
2253
2254
c5f4
2256
2257
c5f4
2259
225a
225b
225c
c5f4
225e
225f
c5f4
2261
2262
2263
2264
c5f4
2266
2267
c5f4
2269
226a
226b
226c
c5f4
226e
226f
c5f4
2271
2272
2273
2274
c5f4
2276
2277
c5f4
2279
227a
227b
227c
c5f4
227e
227f
c5f4
2281
2282
2283
2284
c5f4
2286
2287
c5f4
2289
228a
228b
228c
c5f4
228e
228f
c5f4
2291
2292
2293
2294
c5f4
2296
2297
c5f4
2299
229a
229b
229c
c5f4
229e
229f
c5f4
22a1
22a2
22a3
22a4
c5f4
22a6
22a7
c5f4
22a9
22aa
22ab
22ac
c5f4
22ae
22af
c5f4
22b1
22b2
22b3
22b4
c5f4
22b6
22b7
c5f4
22b9
22ba
22bb
22bc
c5f4
22be
22bf
c5f4
22c1
22c2
22c3
22c4
c5f4
22c6
22c7
c5f4
22c9
22ca
22cb
22cc
c5f4
22ce
22cf
c5f4
22d1
22d2
22d3
22d4
c5f4
22d6
22d7
c5f4
22d9
22da
22db
22dc
c5f4
22de
22df
c5f4
22e1
22e2
22e3
22e4
c5f4
22e6
22e7
c5f4
22e9
22ea
22eb
22ec
c5f4
22ee
22ef
c5f4
22f1
22f2
22f3
22f4
c5f4
22f6
22f7
c5f4
22f9
22fa
22fb
22fc
c5f4
22fe
22ff
c5f4
2301
2302
2303
2304
c5f4
2306
2307
c5f4
2309
230a
230b
230c
c5f4
230e
230f
c5f4
2311
2312
2313
2314
c5f4
2316
2317
c5f4
2319
231a
231b
231c
c5f4
231e
231f
c5f4
2321
2322
2323
2324
c5f4
2326
2327
c5f4
2329
232a
232b
232c
c5f4
232e
232f
c5f4
2331
2332
2333
2334
c5f4
2336
2337
c5f4
2339
233a
233b
233c
c5f4
233e
233f
c5f4
2341
2342
2343
2344
c5f4
2346
2347
c5f4
2349
234a
234b
234c
c5f4
234e
234f
c5f4
2351
2352
2353
2354
c5f4
2356
2357
c5f4
2359
235a
235b
235c
c5f4
235e
235f
c5f4
2361
2362
2363
2364
c5f4
2366
2367
c5f4
2369
236a
236b
236c
c5f4
236e
236f
c5f4
2371
2372
2373
2374
c5f4
2376
2377
c5f4
2379
237a
237b
237c
c5f4
237e
237f
c5f4
2381
2382
2383
2384
c5f4
2386
2387
c5f4
2389
238a
238b
238c
c5f4
238e
238f
c5f4
2391
2392
2393
2394
c5f4
2396
2397
c5f4
2399
239a
239b
239c
c5f4
239e
239f
c5f4
23a1
23a2
23a3
23a4
c5f4
23a6
23a7
c5f4
23a9
23aa
23ab
23ac
c5f4
23ae
23af
c5f4
23b1
23b2
23b3
23b4
c5f4
23b6
23b7
c5f4
23b9
23ba
23bb
23bc
c5f4
23be
23bf
c5f4
23c1
23c2
23c3
23c4
c5f4
23c6
23c7
c5f4
23c9
23ca
23cb
23cc
c5f4
23ce
23cf
c5f4
23d1
23d2
23d3
23d4
c5f4
23d6
23d7
c5f4
23d9
23da
23db
23dc
c5f4
23de
23df
c5f4
23e1
23e2
23e3
23e4
c5f4
23e6
23e7
c5f4
23e9
23ea
23eb
23ec
c5f4
23ee
23ef
c5f4
23f1
23f2
23f3
23f4
c5f4
23f6
23f7
c5f4
23f9
23fa
23fb
23fc
c5f4
23fe
23ff
c5f4
2401
2402
2403
2404
c5f4
2406
2407
c5f4
2409
240a
240b
240c
c5f4
240e
240f
c5f4
2411
2412
2413
2414
c5f4
2416
2417
c5f4
2419
241a
241b
241c
c5f4
241e
241f
c5f4
2421
2422
2423
2424
c5f4
2426
2427
c5f4
2429
242a
242b
242c
c5f4
242e
242f
c5f4
2431
2432
2433
2434
c5f4
2436
2437
c5f4
2439
243a
243b
243c
c5f4
243e
243f
c5f4
2441
2442
2443
2444
c5f4
2446
2447
c5f4
2449
244a
244b
244c
c5f4
244e
244f
c5f4
2451
2452
2453
2454
c5f4
2456
2457
c5f4
2459
245a
245b
245c
c5f4
245e
245f
c5f4
2461
2462
2463
2464
c5f4
2466
2467
c5f4
2469
246a
246b
246c
c5f4
246e
246f
c5f4
2471
2472
2473
2474
c5f4
2476
2477
c5f4
2479
247a
247b
247c
c5f4
247e
247f
c5f4
2481
2482
2483
2484
c5f4
2486
2487
c5f4
2489
248a
248b
248c
c5f4
248e
248f
c5f4
2491
2492
2493
2494
c5f4
2496
2497
c5f4
2499
249a
249b
249c
c5f4
249e
249f
c5f4
24a1
24a2
24a3
24a4
c5f4
24a6
24a7
c5f4
24a9
24aa
24ab
24ac
c5f4
24ae
24af
c5f4
24b1
24b2
24b3
24b4
c5f4
24b6
24b7
c5f4
24b9
24ba
24bb
24bc
c5f4
24be
24bf
c5f4
24c1
24c2
24c3
24c4
c5f4
24c6
24c7
c5f4
24c9
24ca
24cb
24cc
c5f4
24ce
24cf
c5f4
24d1
24d2
24d3
24d4
c5f4
24d6
24d7
c5f4
24d9
24da
24db
24dc
c5f4
24de
24df
c5f4
24e1
24e2
24e3
24e4
c5f4
24e6
24e7
c5f4
24e9
24ea
24eb
24ec
c5f4
24ee
24ef
c5f4
24f1
24f2
24f3
24f4
c5f4
24f6
24f7
c5f4
24f9
24fa
24fb
24fc
c5f4
24fe
24ff
c5f4
2501
2502
2503
2504
c5f4
2506
2507
c5f4
2509
250a
250b
250c
c5f4
250e
250f
c5f4
2511
2512
2513
2514
c5f4
2516
2517
c5f4
2519
251a
251b
251c
c5f4
251e
251f
c5f4
2521
2522
2523
2524
c5f4
2526
2527
c5f4
2529
252a
252b
252c
c5f4
252e
252f
c5f4
2531
2532
2533
2534
c5f4
2536
2537
c5f4
2539
253a
253b
253c
c5f4
253e
253f
c5f4
2541
2542
2543
2544
c5f4
2546
2547
c5f4
2549
254a
254b
254c
c5f4
254e
254f
c5f4
2551
2552
2553
2554
c5f4
2556
2557
c5f4
2559
255a
255b
255c
c5f4
255e
255f
c5f4
2561
2562
2563
2564
c5f4
2566
2567
c5f4
2569
256a
256b
256c
c5f4
256e
256f
c5f4
2571
2572
2573
2574
c5f4
2576
2577
c5f4
2579
257a
257b
257c
c5f4
257e
257f
c5f4
2581
2582
2583
2584
c5f4
2586
2587
c5f4
2589
258a
258b
258c
c5f4
258e
258f
c5f4
2591
2592
2593
2594
c5f4
2596
2597
c5f4
2599
259a
259b
259c
c5f4
259e
259f
c5f4
25a1
25a2
25a3
25a4
c5f4
25a6
25a7
c5f4
25a9
25aa
25ab
25ac
c5f4
25ae
25af
c5f4
25b1
25b2
25b3
25b4
c5f4
25b6
25b7
c5f4
25b9
25ba
25bb
25bc
c5f4
25be
25bf
c5f4
25c1
25c2
25c3
25c4
c5f4
25c6
25c7
c5f4
25c9
25ca
25cb
25cc
c5f4
25ce
25cf
c5f4
25d1
25d2
25d3
25d4
c5f4
25d6
25d7
c5f4
25d9
25da
25db
25dc
c5f4
25de
25df
c5f4
25e1
25e2
25e3
25e4
c5f4
25e6
25e7
c5f4
25e9
25ea
25eb
25ec
c5f4
25ee
25ef
c5f4
25f1
25f2
25f3
25f4
c5f4
25f6
25f7
c5f4
25f9
25fa
25fb
25fc
c5f4
25fe
25ff
c5f4
2601
2602
2603
2604
c5f4
2606
2607
c5f4
2609
260a
260b
260c
c5f4
260e
260f
c5f4
2611
2612
2613
2614
c5f4
2616
2617
c5f4
2619
261a
261b
261c
c5f4
261e
261f
c5f4
2621
2622
2623
2624
c5f4
2626
2627
c5f4
2629
262a
262b
262c
c5f4
262e
262f
c5f4
2631
2632
2633
2634
c5f4
2636
2637
c5f4
2639
263a
263b
263c
c5f4
263e
263f
c5f4
2641
2642
2643
2644
c5f4
2646
2647
c5f4
2649
264a
264b
264c
c5f4
264e
264f
c5f4
2651
2652
2653
2654
c5f4
2656
2657
c5f4
2659
265a
265b
265c
c5f4
265e
265f
c5f4
2661
2662
2663
2664
c5f4
2666
2667
c5f4
2669
266a
266b
266c
c5f4
266e
266f
c5f4
2671
2672
2673
2674
c5f4
2676
2677
c5f4
2679
267a
267b
267c
c5f4
267e
267f
c5f4
2681
2682
2683
2684
c5f4
2686
2687
c5f4
2689
268a
268b
268c
c5f4
268e
268f
c5f4
2691
2692
2693
2694
c5f4
2696
2697
c5f4
2699
269a
269b
269c
c5f4
269e
269f
c5f4
26a1
26a2
26a3
26a4
c5f4
26a6
26a7
c5f4
26a9
26aa
26ab
26ac
c5f4
26ae
26af
c5f4
26b1
26b2
26b3
26b4
c5f4
26b6
26b7
c5f4
26b9
26ba
26bb
26bc
c5f4
26be
26bf
c5f4
26c1
26c2
26c3
26c4
c5f4
26c6
26c7
c5f4
26c9
26ca
26cb
26cc
c5f4
26ce
26cf
c5f4
26d1
26d2
26d3
26d4
c5f4
26d6
26d7
c5f4
26d9
26da
26db
26dc
c5f4
26de
26df
c5f4
26e1
26e2
26e3
26e4
c5f4
26e6
26e7
c5f4
26e9
26ea
26eb
26ec
c5f4
26ee
26ef
c5f4
26f1
26f2
26f3
26f4
c5f4
26f6
26f7
c5f4
26f9
26fa
26fb
26fc
c5f4
26fe
26ff
c5f4
2701
2702
2703
2704
c5f4
2706
2707
c5f4
2709
270a
270b
270c
c5f4
270e
270f
c5f4
2711
2712
2713
2714
c5f4
2716
2717
c5f4
2719
271a
271b
271c
c5f4
271e
271f
c5f4
2721
2722
2723
2724
c5f4
2726
2727
c5f4
2729
272a
272b
272c
c5f4
272e
272f
c5f4
2731
2732
2733
2734
c5f4
2736
2737
c5f4
2739
273a
273b
273c
c5f4
273e
273f
c5f4
2741
2742
2743
2744
c5f4
2746
2747
c5f4
2749
274a
274b
274c
c5f4
274e
274f
c5f4
2751
2752
2753
2754
c5f4
2756
2757
c5f4
2759
275a
275b
275c
c5f4
275e
275f
c5f4
2761
2762
2763
2764
c5f4
2766
2767
c5f4
2769
276a
276b
276c
c5f4
276e
276f
c5f4
2771
2772
2773
2774
c5f4
2776
2777
c5f4
2779
277a
277b
277c
c5f4
277e
277f
c5f4
2781
2782
2783
2784
c5f4
2786
2787
c5f4
2789
278a
278b
278c
c5f4
278e
278f
c5f4
2791
2792
2793
2794
c5f4
2796
2797
c5f4
2799
279a
279b
279c
c5f4
279e
279f
c5f4
27a1
27a2
27a3
27a4
c5f4
27a6
27a7
c5f4
27a9
27aa
27ab
27ac
c5f4
27ae
27af
c5f4
27b1
27b2
27b3
27b4
c5f4
27b6
27b7
c5f4
27b9
27ba
27bb
27bc
c5f4
27be
27bf
c5f4
27c1
27c2
27c3
27c4
c5f4
27c6
27c7
c5f4
27c9
27ca
27cb
27cc
c5f4
27ce
27cf
c5f4
27d1
27d2
27d3
27d4
c5f4
27d6
27d7
c5f4
27d9
27da
27db
27dc
c5f4
27de
27df
c5f4
27e1
27e2
27e3
27e4
c5f4
27e6
27e7
c5f4
27e9
27ea
27eb
27ec
c5f4
27ee
27ef
c5f4
27f1
27f2
27f3
27f4
c5f4
27f6
27f7
c5f4
27f9
27fa
27fb
27fc
c5f4
27fe
27ff
c5f4
2801
2802
2803
2804
c5f4
2806
2807
c5f4
2809
280a
280b
280c
c5f4
280e
280f
c5f4
2811
2812
2813
2814
c5f4
2816
2817
c5f4
2819
281a
281b
281c
c5f4
281e
281f
c5f4
2821
2822
2823
2824
c5f4
2826
2827
c5f4
2829
282a
282b
282c
c5f4
282e
282f
c5f4
2831
2832
2833
2834
c5f4
2836
2837
c5f4
2839
283a
283b
283c
c5f4
283e
283f
c5f4
2841
2842
2843
2844
c5f4
2846
2847
c5f4
2849
284a
284b
284c
c5f4
284e
284f
c5f4
2851
2852
2853
2854
c5f4
2856
2857
c5f4
2859
285a
285b
285c
c5f4
285e
285f
c5f4
2861
2862
2863
2864
c5f4
2866
2867
c5f4
2869
286a
286b
286c
c5f4
286e
286f
c5f4
2871
2872
2873
2874
c5f4
2876
2877
c5f4
2879
287a
287b
287c
c5f4
287e
287f
c5f4
2881
2882
2883
2884
c5f4
2886
2887
c5f4
2889
288a
288b
288c
c5f4
288e
288f
c5f4
2891
2892
2893
2894
c5f4
2896
2897
c5f4
2899
289a
289b
289c
c5f4
289e
289f
c5f4
28a1
28a2
28a3
28a4
c5f4
28a6
28a7
c5f4
28a9
28aa
28ab
28ac
c5f4
28ae
28af
c5f4
28b1
28b2
28b3
28b4
c5f4
28b6
28b7
c5f4
28b9
28ba
28bb
28bc
c5f4
28be
28bf
c5f4
28c1
28c2
28c3
28c4
c5f4
28c6
28c7
c5f4
28c9
28ca
28cb
28cc
c5f4
28ce
28cf
c5f4
28d1
28d2
28d3
28d4
c5f4
28d6
28d7
c5f4
28d9
28da
28db
28dc
c5f4
28de
28df
c5f4
28e1
28e2
28e3
28e4
c5f4
28e6
28e7
c5f4
28e9
28ea
28eb
28ec
c5f4
28ee
28ef
c5f4
28f1
28f2
28f3
28f4
c5f4
28f6
28f7
c5f4
28f9
28fa
28fb
28fc
c5f4
28fe
28ff
c5f4
2901
2902
2903
2904
c5f4
2906
2907
c5f4
2909
290a
290b
290c
c5f4
290e
290f
c5f4
2911
2912
2913
2914
c5f4
2916
2917
c5f4
2919
291a
291b
291c
c5f4
291e
291f
c5f4
2921
2922
2923
2924
c5f4
2926
2927
c5f4
2929
292a
292b
292c
c5f4
292e
292f
c5f4
2931
2932
2933
2934
c5f4
2936
2937
c5f4
2939
293a
293b
293c
c5f4
293e
293f
c5f4
2941
2942
2943
2944
c5f4
2946
2947
c5f4
2949
294a
294b
294c
c5f4
294e
294f
c5f4
2951
2952
2953
2954
c5f4
2956
2957
c5f4
2959
295a
295b
295c
c5f4
295e
295f
c5f4
2961
2962
2963
2964
c5f4
2966
2967
c5f4
2969
296a
296b
296c
c5f4
296e
296f
c5f4
2971
2972
2973
2974
c5f4
2976
2977
c5f4
2979
297a
297b
297c
c5f4
297e
297f
c5f4
2981
2982
2983
2984
c5f4
2986
2987
c5f4
2989
298a
298b
298c
c5f4
298e
298f
c5f4
2991
2992
2993
2994
c5f4
2996
2997
c5f4
2999
299a
299b
299c
c5f4
299e
299f
c5f4
29a1
29a2
29a3
29a4
c5f4
29a6
29a7
c5f4
29a9
29aa
29ab
29ac
c5f4
29ae
29af
c5f4
29b1
29b2
29b3
29b4
c5f4
29b6
29b7
c5f4
29b9
29ba
29bb
29bc
c5f4
29be
29bf
c5f4
29c1
29c2
29c3
29c4
c5f4
29c6
29c7
c5f4
29c9
29ca
29cb
29cc
c5f4
29ce
29cf
c5f4
29d1
29d2
29d3
29d4
c5f4
29d6
29d7
c5f4
29d9
29da
29db
29dc
c5f4
29de
29df
c5f4
29e1
29e2
29e3
29e4
c5f4
29e6
29e7
c5f4
29e9
29ea
29eb
29ec
c5f4
29ee
29ef
c5f4
29f1
29f2
29f3
29f4
c5f4
29f6
29f7
c5f4
29f9
29fa
29fb
29fc
c5f4
29fe
29ff
c5f4
2a01
2a02
2a03
2a04
c5f4
2a06
2a07
c5f4
2a09
2a0a
2a0b
2a0c
c5f4
2a0e
2a0f
c5f4
2a11
2a12
2a13
2a14
c5f4
2a16
2a17
c5f4
2a19
2a1a
2a1b
2a1c
c5f4
2a1e
2a1f
c5f4
2a21
2a22
2a23
2a24
c5f4
2a26
2a27
c5f4
2a29
2a2a
2a2b
2a2c
c5f4
2a2e
2a2f
c5f4
2a31
2a32
2a33
2a34
c5f4
2a36
2a37
c5f4
2a39
2a3a
2a3b
2a3c
c5f4
2a3e
2a3f
c5f4
2a41
2a42
2a43
2a44
c5f4
2a46
2a47
c5f4
2a49
2a4a
2a4b
2a4c
c5f4
2a4e
2a4f
c5f4
2a51
2a52
2a53
2a54
c5f4
2a56
2a57
c5f4
2a59
2a5a
2a5b
2a5c
c5f4
2a5e
2a5f
c5f4
2a61
2a62
2a63
2a64
c5f4
2a66
2a67
c5f4
2a69
2a6a
2a6b
2a6c
c5f4
2a6e
2a6f
c5f4
2a71
2a72
2a73
2a74
c5f4
2a76
2a77
c5f4
2a79
2a7a
2a7b
2a7c
c5f4
2a7e
2a7f
c5f4
2a81
2a82
2a83
2a84
c5f4
2a86
2a87
c5f4
2a89
2a8a
2a8b
2a8c
c5f4
2a8e
2a8f
c5f4
2a91
2a92
2a93
2a94
c5f4
2a96
2a97
c5f4
2a99
2a9a
2a9b
2a9c
c5f4
2a9e
2a9f
c5f4
2aa1
2aa2
2aa3
2aa4
c5f4
2aa6
2aa7
c5f4
2aa9
2aaa
2aab
2aac
c5f4
2aae
2aaf
c5f4
2ab1
2ab2
2ab3
2ab4
c5f4
2ab6
2ab7
c5f4
2ab9
2aba
2abb
2abc
c5f4
2abe
2abf
c5f4
2ac1
2ac2
2ac3
2ac4
c5f4
2ac6
2ac7
c5f4
2ac9
2aca
2acb
2acc
c5f4
2ace
2acf
c5f4
2ad1
2ad2
2ad3
2ad4
c5f4
2ad6
2ad7
c5f4
2ad9
2ada
2adb
2adc
c5f4
2ade
2adf
c5f4
2ae1
2ae2
2ae3
2ae4
c5f4
2ae6
2ae7
c5f4
2ae9
2aea
2aeb
2aec
c5f4
2aee
2aef
c5f4
2af1
2af2
2af3
2af4
c5f4
2af6
2af7
c5f4
2af9
2afa
2afb
2afc
c5f4
2afe
2aff
c5f4
2b01
2b02
2b03
2b04
c5f4
2b06
2b07
c5f4
2b09
2b0a
2b0b
2b0c
c5f4
2b0e
2b0f
c5f4
2b11
2b12
2b13
2b14
c5f4
2b16
2b17
c5f4
2b19
2b1a
2b1b
2b1c
c5f4
2b1e
2b1f
c5f4
2b21
2b22
2b23
2b24
c5f4
2b26
2b27
c5f4
2b29
2b2a
2b2b
2b2c
c5f4
2b2e
2b2f
c5f4
2b31
2b32
2b33
2b34
c5f4
2b36
2b37
c5f4
2b39
2b3a
2b3b
2b3c
c5f4
2b3e
2b3f
c5f4
2b41
2b42
2b43
2b44
c5f4
2b46
2b47
c5f4
2b49
2b4a
2b4b
2b4c
c5f4
2b4e
2b4f
c5f4
2b51
2b52
2b53
2b54
c5f4
2b56
2b57
c5f4
2b59
2b5a
2b5b
2b5c
c5f4
2b5e
2b5f
c5f4
2b61
2b62
2b63
2b64
c5f4
2b66
2b67
c5f4
2b69
2b6a
2b6b
2b6c
c5f4
2b6e
2b6f
c5f4
2b71
2b72
2b73
2b74
c5f4
2b76
2b77
c5f4
2b79
2b7a
2b7b
2b7c
c5f4
2b7e
2b7f
c5f4
2b81
2b82
2b83
2b84
c5f4
2b86
2b87
c5f4
2b89
2b8a
2b8b
2b8c
c5f4
2b8e
2b8f
c5f4
2b91
2b92
2b93
2b94
c5f4
2b96
2b97
c5f4
2b99
2b9a
2b9b
2b9c
c5f4
2b9e
2b9f
c5f4
2ba1
2ba2
2ba3
2ba4
c5f4
2ba6
2ba7
c5f4
2ba9
2baa
2bab
2bac
c5f4
2bae
2baf
c5f4
2bb1
2bb2
2bb3
2bb4
c5f4
2bb6
2bb7
c5f4
2bb9
2bba
2bbb
2bbc
c5f4
2bbe
2bbf
c5f4
2bc1
2bc2
2bc3
2bc4
c5f4
2bc6
2bc7
c5f4
2bc9
2bca
2bcb
2bcc
c5f4
2bce
2bcf
c5f4
2bd1
2bd2
2bd3
2bd4
c5f4
2bd6
2bd7
c5f4
2bd9
2bda
2bdb
2bdc
c5f4
2bde
2bdf
c5f4
2be1
2be2
2be3
2be4
c5f4
2be6
2be7
c5f4
2be9
2bea
2beb
2bec
c5f4
2bee
2bef
c5f4
2bf1
2bf2
2bf3
2bf4
c5f4
2bf6
2bf7
c5f4
2bf9
2bfa
2bfb
2bfc
c5f4
2bfe
2bff
c5f4
2c01
2c02
2c03
2c04
c5f4
2c06
2c07
c5f4
2c09
2c0a
2c0b
2c0c
c5f4
2c0e
2c0f
c5f4
2c11
2c12
2c13
2c14
c5f4
2c16
2c17
c5f4
2c19
2c1a
2c1b
2c1c
c5f4
2c1e
2c1f
c5f4
2c21
2c22
2c23
2c24
c5f4
2c26
2c27
c5f4
2c29
2c2a
2c2b
2c2c
c5f4
2c2e
2c2f
c5f4
2c31
2c32
2c33
2c34
c5f4
2c36
2c37
c5f4
2c39
2c3a
2c3b
2c3c
c5f4
2c3e
2c3f
c5f4
2c41
2c42
2c43
2c44
c5f4
2c46
2c47
c5f4
2c49
2c4a
2c4b
2c4c
c5f4
2c4e
2c4f
c5f4
2c51
2c52
2c53
2c54
c5f4
2c56
2c57
c5f4
2c59
2c5a
2c5b
2c5c
c5f4
2c5e
2c5f
c5f4
2c61
2c62
2c63
2c64
c5f4
2c66
2c67
c5f4
2c69
2c6a
2c6b
2c6c
c5f4
2c6e
2c6f
c5f4
2c71
2c72
2c73
2c74
c5f4
2c76
2c77
c5f4
2c79
2c7a
2c7b
2c7c
c5f4
2c7e
2c7f
c5f4
2c81
2c82
2c83
2c84
c5f4
2c86
2c87
c5f4
2c89
2c8a
2c8b
2c8c
c5f4
2c8e
2c8f
c5f4
2c91
2c92
2c93
2c94
c5f4
2c96
2c97
c5f4
2c99
2c9a
2c9b
2c9c
c5f4
2c9e
2c9f
c5f4
2ca1
2ca2
2ca3
2ca4
c5f4
2ca6
2ca7
c5f4
2ca9
2caa
2cab
2cac
c5f4
2cae
2caf
c5f4
2cb1
2cb2
2cb3
2cb4
c5f4
2cb6
2cb7
c5f4
2cb9
2cba
2cbb
2cbc
c5f4
2cbe
2cbf
c5f4
2cc1
2cc2
2cc3
2cc4
c5f4
2cc6
2cc7
c5f4
2cc9
2cca
2ccb
2ccc
c5f4
2cce
2ccf
c5f4
2cd1
2cd2
2cd3
2cd4
c5f4
2cd6
2cd7
c5f4
2cd9
2cda
2cdb
2cdc
c5f4
2cde
2cdf
c5f4
2ce1
2ce2
2ce3
2ce4
c5f4
2ce6
2ce7
c5f4
2ce9
2cea
2ceb
2cec
c5f4
2cee
2cef
c5f4
2cf1
2cf2
2cf3
2cf4
c5f4
2cf6
2cf7
c5f4
2cf9
2cfa
2cfb
2cfc
c5f4
2cfe
2cff
c5f4
2d01
2d02
2d03
2d04
c5f4
2d06
2d07
c5f4
2d09
2d0a
2d0b
2d0c
c5f4
2d0e
2d0f
c5f4
2d11
2d12
2d13
2d14
c5f4
2d16
2d17
c5f4
2d19
2d1a
2d1b
2d1c
c5f4
2d1e
2d1f
c5f4
2d21
2d22
2d23
2d24
c5f4
2d26
2d27
c5f4
2d29
2d2a
2d2b
2d2c
c5f4
2d2e
2d2f
c5f4
2d31
2d32
2d33
2d34
c5f4
2d36
2d37
c5f4
2d39
2d3a
2d3b
2d3c
c5f4
2d3e
2d3f
c5f4
2d41
2d42
2d43
2d44
c5f4
2d46
2d47
c5f4
2d49
2d4a
2d4b
2d4c
c5f4
2d4e
2d4f
c5f4
2d51
2d52
2d53
2d54
c5f4
2d56
2d57
c5f4
2d59
2d5a
2d5b
2d5c
c5f4
2d5e
2d5f
c5f4
2d61
2d62
2d63
2d64
c5f4
2d66
2d67
c5f4
2d69
2d6a
2d6b
2d6c
c5f4
2d6e
2d6f
c5f4
2d71
2d72
2d73
2d74
c5f4
2d76
2d77
c5f4
2d79
2d7a
2d7b
2d7c
c5f4
2d7e
2d7f
c5f4
2d81
2d82
2d83
2d84
c5f4
2d86
2d87
c5f4
2d89
2d8a
2d8b
2d8c
c5f4
2d8e
2d8f
c5f4
2d91
2d92
2d93
2d94
c5f4
2d96
2d97
c5f4
2d99
2d9a
2d9b
2d9c
c5f4
2d9e
2d9f
c5f4
2da1
2da2
2da3
2da4
c5f4
2da6
2da7
c5f4
2da9
2daa
2dab
2dac
c5f4
2dae
2daf
c5f4
2db1
2db2
2db3
2db4
c5f4
2db6
2db7
c5f4
2db9
2dba
2dbb
2dbc
c5f4
2dbe
2dbf
c5f4
2dc1
2dc2
2dc3
2dc4
c5f4
2dc6
2dc7
c5f4
2dc9
2dca
2dcb
2dcc
c5f4
2dce
2dcf
c5f4
2dd1
2dd2
2dd3
2dd4
c5f4
2dd6
2dd7
c5f4
2dd9
2dda
2ddb
2ddc
c5f4
2dde
2ddf
c5f4
2de1
2de2
2de3
2de4
c5f4
2de6
2de7
c5f4
2de9
2dea
2deb
2dec
c5f4
2dee
2def
c5f4
2df1
2df2
2df3
2df4
c5f4
2df6
2df7
c5f4
2df9
2dfa
2dfb
2dfc
c5f4
2dfe
2dff
c5f4
2e01
2e02
2e03
2e04
c5f4
2e06
2e07
c5f4
2e09
2e0a
2e0b
2e0c
c5f4
2e0e
2e0f
c5f4
2e11
2e12
2e13
2e14
c5f4
2e16
2e17
c5f4
2e19
2e1a
2e1b
2e1c
c5f4
2e1e
2e1f
c5f4
2e21
2e22
2e23
2e24
c5f4
2e26
2e27
c5f4
2e29
2e2a
2e2b
2e2c
c5f4
2e2e
2e2f
c5f4
2e31
2e32
2e33
2e34
c5f4
2e36
2e37
c5f4
2e39
2e3a
2e3b
2e3c
c5f4
2e3e
2e3f
c5f4
2e41
2e42
2e43
2e44
c5f4
2e46
2e47
c5f4
2e49
2e4a
2e4b
2e4c
c5f4
2e4e
2e4f
c5f4
2e51
2e52
2e53
2e54
c5f4
2e56
2e57
c5f4
2e59
2e5a
2e5b
2e5c
c5f4
2e5e
2e5f
c5f4
2e61
2e62
2e63
2e64
c5f4
2e66
2e67
c5f4
2e69
2e6a
2e6b
2e6c
c5f4
2e6e
2e6f
c5f4
2e71
2e72
2e73
2e74
c5f4
2e76
2e77
c5f4
2e79
2e7a
2e7b
2e7c
c5f4
2e7e
2e7f
c5f4
2e81
2e82
2e83
2e84
c5f4
2e86
2e87
c5f4
2e89
2e8a
2e8b
2e8c
c5f4
2e8e
2e8f
c5f4
2e91
2e92
2e93
2e94
c5f4
2e96
2e97
c5f4
2e99
2e9a
2e9b
2e9c
c5f4
2e9e
2e9f
c5f4
2ea1
2ea2
2ea3
2ea4
c5f4
2ea6
2ea7
c5f4
2ea9
2eaa
2eab
2eac
c5f4
2eae
2eaf
c5f4
2eb1
2eb2
2eb3
2eb4
c5f4
2eb6
2eb7
c5f4
2eb9
2eba
2ebb
2ebc
c5f4
2ebe
2ebf
c5f4
2ec1
2ec2
2ec3
2ec4
c5f4
2ec6
2ec7
c5f4
2ec9
2eca
2ecb
2ecc
c5f4
2ece
2ecf
c5f4
2ed1
2ed2
2ed3
2ed4
c5f4
2ed6
2ed7
c5f4
2ed9
2eda
2edb
2edc
c5f4
2ede
2edf
c5f4
2ee1
2ee2
2ee3
2ee4
c5f4
2ee6
2ee7
c5f4
2ee9
2eea
2eeb
2eec
c5f4
2eee
2eef
c5f4
2ef1
2ef2
2ef3
2ef4
c5f4
2ef6
2ef7
c5f4
2ef9
2efa
2efb
2efc
c5f4
2efe
2eff
c5f4
2f01
2f02
2f03
2f04
c5f4
2f06
2f07
c5f4
2f09
2f0a
2f0b
2f0c
c5f4
2f0e
2f0f
c5f4
2f11
2f12
2f13
2f14
c5f4
2f16
2f17
c5f4
2f19
2f1a
2f1b
2f1c
c5f4
2f1e
2f1f
c5f4
2f21
2f22
2f23
2f24
c5f4
2f26
2f27
c5f4
2f29
2f2a
2f2b
2f2c
c5f4
2f2e
2f2f
c5f4
2f31
2f32
2f33
2f34
c5f4
2f36
2f37
c5f4
2f39
2f3a
2f3b
2f3c
c5f4
2f3e
2f3f
c5f4
2f41
2f42
2f43
2f44
c5f4
2f46
2f47
c5f4
2f49
2f4a
2f4b
2f4c
c5f4
2f4e
2f4f
c5f4
2f51
2f52
2f53
2f54
c5f4
2f56
2f57
c5f4
2f59
2f5a
2f5b
2f5c
c5f4
2f5e
2f5f
c5f4
2f61
2f62
2f63
2f64
c5f4
2f66
2f67
c5f4
2f69
2f6a
2f6b
2f6c
c5f4
2f6e
2f6f
c5f4
2f71
2f72
2f73
2f74
c5f4
2f76
2f77
c5f4
2f79
2f7a
2f7b
2f7c
c5f4
2f7e
2f7f
c5f4
2f81
2f82
2f83
2f84
c5f4
2f86
2f87
c5f4
2f89
2f8a
2f8b
2f8c
c5f4
2f8e
2f8f
c5f4
2f91
2f92
2f93
2f94
c5f4
2f96
2f97
c5f4
2f99
2f9a
2f9b
2f9c
c5f4
2f9e
2f9f
c5f4
2fa1
2fa2
2fa3
2fa4
c5f4
2fa6
2fa7
c5f4
2fa9
2faa
2fab
2fac
c5f4
2fae
2faf
c5f4
2fb1
2fb2
2fb3
2fb4
c5f4
2fb6
2fb7
c5f4
2fb9
2fba
2fbb
2fbc
c5f4
2fbe
2fbf
c5f4
2fc1
2fc2
2fc3
2fc4
c5f4
2fc6
2fc7
c5f4
2fc9
2fca
2fcb
2fcc
c5f4
2fce
2fcf
c5f4
2fd1
2fd2
2fd3
2fd4
c5f4
2fd6
2fd7
c5f4
2fd9
2fda
2fdb
2fdc
c5f4
2fde
2fdf
c5f4
2fe1
2fe2
2fe3
2fe4
c5f4
2fe6
2fe7
c5f4
2fe9
2fea
2feb
2fec
c5f4
2fee
2fef
c5f4
2ff1
2ff2
2ff3
2ff4
c5f4
2ff6
2ff7
c5f4
2ff9
2ffa
2ffb
2ffc
c5f4
2ffe
2fff
c5f4
3001
3002
3003
3004
c5f4
3006
3007
c5f4
3009
300a
300b
300c
c5f4
300e
300f
c5f4
3011
3012
3013
3014
c5f4
3016
3017
c5f4
3019
301a
301b
301c
c5f4
301e
301f
c5f4
3021
3022
3023
3024
c5f4
3026
3027
c5f4
3029
302a
302b
302c
c5f4
302e
302f
c5f4
3031
3032
3033
3034
c5f4
3036
3037
c5f4
3039
303a
303b
303c
c5f4
303e
303f
c5f4
3041
3042
3043
3044
c5f4
3046
3047
c5f4
3049
304a
304b
304c
c5f4
304e
304f
c5f4
3051
3052
3053
3054
c5f4
3056
3057
c5f4
3059
305a
305b
305c
c5f4
305e
305f
c5f4
3061
3062
3063
3064
c5f4
3066
3067
c5f4
3069
306a
306b
306c
c5f4
306e
306f
c5f4
3071
3072
3073
3074
c5f4
3076
3077
c5f4
3079
307a
307b
307c
c5f4
307e
307f
c5f4
3081
3082
3083
3084
c5f4
3086
3087
c5f4
3089
308a
308b
308c
c5f4
308e
308f
c5f4
3091
3092
3093
3094
c5f4
3096
3097
c5f4
3099
309a
309b
309c
c5f4
309e
309f
c5f4
30a1
30a2
30a3
30a4
c5f4
30a6
30a7
c5f4
30a9
30aa
30ab
30ac
c5f4
30ae
30af
c5f4
30b1
30b2
30b3
30b4
c5f4
30b6
30b7
c5f4
30b9
30ba
30bb
30bc
c5f4
30be
30bf
c5f4
30c1
30c2
30c3
30c4
c5f4
30c6
30c7
c5f4
30c9
30ca
30cb
30cc
c5f4
30ce
30cf
c5f4
30d1
30d2
30d3
30d4
c5f4
30d6
30d7
c5f4
30d9
30da
30db
30dc
c5f4
30de
30df
c5f4
30e1
30e2
30e3
30e4
c5f4
30e6
30e7
c5f4
30e9
30ea
30eb
30ec
c5f4
30ee
30ef
c5f4
30f1
30f2
30f3
30f4
c5f4
30f6
30f7
c5f4
30f9
30fa
30fb
30fc
c5f4
30fe
30ff
c5f4
3101
3102
3103
3104
c5f4
3106
3107
c5f4
3109
310a
310b
310c
c5f4
310e
310f
c5f4
3111
3112
3113
3114
c5f4
3116
3117
c5f4
3119
311a
311b
311c
c5f4
311e
311f
c5f4
3121
3122
3123
3124
c5f4
3126
3127
c5f4
3129
312a
312b
312c
c5f4
312e
312f
c5f4
3131
3132
3133
3134
c5f4
3136
3137
c5f4
3139
313a
313b
313c
c5f4
313e
313f
c5f4
3141
3142
3143
3144
c5f4
3146
3147
c5f4
3149
314a
314b
314c
c5f4
314e
314f
c5f4
3151
3152
3153
3154
c5f4
3156
3157
c5f4
3159
315a
315b
315c
c5f4
315e
315f
c5f4
3161
3162
3163
3164
c5f4
3166
3167
c5f4
3169
316a
316b
316c
c5f4
316e
316f
c5f4
3171
3172
3173
3174
c5f4
3176
3177
c5f4
3179
317a
317b
317c
c5f4
317e
317f
c5f4
3181
3182
3183
3184
c5f4
3186
3187
c5f4
3189
318a
318b
318c
c5f4
318e
318f
c5f4
3191
3192
3193
3194
c5f4
3196
3197
c5f4
3199
319a
319b
319c
c5f4
319e
319f
c5f4
31a1
31a2
31a3
31a4
c5f4
31a6
31a7
c5f4
31a9
31aa
31ab
31ac
c5f4
31ae
31af
c5f4
31b1
31b2
31b3
31b4
c5f4
31b6
31b7
c5f4
31b9
31ba
31bb
31bc
c5f4
31be
31bf
c5f4
31c1
31c2
31c3
31c4
c5f4
31c6
31c7
c5f4
31c9
31ca
31cb
31cc
c5f4
31ce
31cf
c5f4
31d1
31d2
31d3
31d4
c5f4
31d6
31d7
c5f4
31d9
31da
31db
31dc
c5f4
31de
31df
c5f4
31e1
31e2
31e3
31e4
c5f4
31e6
31e7
c5f4
31e9
31ea
31eb
31ec
c5f4
31ee
31ef
c5f4
31f1
31f2
31f3
31f4
c5f4
31f6
31f7
c5f4
31f9
31fa
31fb
31fc
c5f4
31fe
31ff
c5f4
3201
3202
3203
3204
c5f4
3206
3207
c5f4
3209
320a
320b
320c
c5f4
320e
320f
c5f4
3211
3212
3213
3214
c5f4
3216
3217
c5f4
3219
321a
321b
321c
c5f4
321e
321f
c5f4
3221
3222
3223
3224
c5f4
3226
3227
c5f4
3229
322a
322b
322c
c5f4
322e
322f
c5f4
3231
3232
3233
3234
c5f4
3236
3237
c5f4
3239
323a
323b
323c
c5f4
323e
323f
c5f4
3241
3242
3243
3244
c5f4
3246
3247
c5f4
3249
324a
324b
324c
c5f4
324e
324f
c5f4
3251
3252
3253
3254
c5f4
3256
3257
c5f4
3259
325a
325b
325c
c5f4
325e
325f
c5f4
3261
3262
3263
3264
c5f4
3266
3267
c5f4
3269
326a
326b
326c
c5f4
326e
326f
c5f4
3271
3272
3273
3274
c5f4
3276
3277
c5f4
3279
327a
327b
327c
c5f4
327e
327f
c5f4
3281
3282
3283
3284
c5f4
3286
3287
c5f4
3289
328a
328b
328c
c5f4
328e
328f
c5f4
3291
3292
3293
3294
c5f4
3296
3297
c5f4
3299
329a
329b
329c
c5f4
329e
329f
c5f4
32a1
32a2
32a3
32a4
c5f4
32a6
32a7
c5f4
32a9
32aa
32ab
32ac
c5f4
32ae
32af
c5f4
32b1
32b2
32b3
32b4
c5f4
32b6
32b7
c5f4
32b9
32ba
32bb
32bc
c5f4
32be
32bf
c5f4
32c1
32c2
32c3
32c4
c5f4
32c6
32c7
c5f4
32c9
32ca
32cb
32cc
c5f4
32ce
32cf
c5f4
32d1
32d2
32d3
32d4
c5f4
32d6
32d7
c5f4
32d9
32da
32db
32dc
c5f4
32de
32df
c5f4
32e1
32e2
32e3
32e4
c5f4
32e6
32e7
c5f4
32e9
32ea
32eb
32ec
c5f4
32ee
32ef
c5f4
32f1
32f2
32f3
32f4
c5f4
32f6
32f7
c5f4
32f9
32fa
32fb
32fc
c5f4
32fe
32ff
c5f4
3301
3302
3303
3304
c5f4
3306
3307
c5f4
3309
330a
330b
330c
c5f4
330e
330f
c5f4
3311
3312
3313
3314
c5f4
3316
3317
c5f4
3319
331a
331b
331c
c5f4
331e
331f
c5f4
3321
3322
3323
3324
c5f4
3326
3327
c5f4
3329
332a
332b
332c
c5f4
332e
332f
c5f4
3331
3332
3333
3334
c5f4
3336
3337
c5f4
3339
333a
333b
333c
c5f4
333e
333f
c5f4
3341
3342
3343
3344
c5f4
3346
3347
c5f4
3349
334a
334b
334c
c5f4
334e
334f
c5f4
3351
3352
3353
3354
c5f4
3356
3357
c5f4
3359
335a
335b
335c
c5f4
335e
335f
c5f4
3361
3362
3363
3364
c5f4
3366
3367
c5f4
3369
336a
336b
336c
c5f4
336e
336f
c5f4
3371
3372
3373
3374
c5f4
3376
3377
c5f4
3379
337a
337b
337c
c5f4
337e
337f
c5f4
3381
3382
3383
3384
c5f4
3386
3387
c5f4
3389
338a
338b
338c
c5f4
338e
338f
c5f4
3391
3392
3393
3394
c5f4
3396
3397
c5f4
3399
339a
339b
339c
c5f4
339e
339f
c5f4
33a1
33a2
33a3
33a4
c5f4
33a6
33a7
c5f4
33a9
33aa
33ab
33ac
c5f4
33ae
33af
c5f4
33b1
33b2
33b3
33b4
c5f4
33b6
33b7
c5f4
33b9
33ba
33bb
33bc
c5f4
33be
33bf
c5f4
33c1
33c2
33c3
33c4
c5f4
33c6
33c7
c5f4
33c9
33ca
33cb
33cc
c5f4
33ce
33cf
c5f4
33d1
33d2
33d3
33d4
c5f4
33d6
33d7
c5f4
33d9
33da
33db
33dc
c5f4
33de
33df
c5f4
33e1
33e2
33e3
33e4
c5f4
33e6
33e7
c5f4
33e9
33ea
33eb
33ec
c5f4
33ee
33ef
c5f4
33f1
33f2
33f3
33f4
c5f4
33f6
33f7
c5f4
33f9
33fa
33fb
33fc
c5f4
33fe
33ff
c5f4
3401
3402
3403
3404
c5f4
3406
3407
c5f4
3409
340a
340b
340c
c5f4
340e
340f
c5f4
3411
3412
3413
3414
c5f4
3416
3417
c5f4
3419
341a
341b
341c
c5f4
341e
341f
c5f4
3421
3422
3423
3424
c5f4
3426
3427
c5f4
3429
342a
342b
342c
c5f4
342e
342f
c5f4
3431
3432
3433
3434
c5f4
3436
3437
c5f4
3439
343a
343b
343c
c5f4
343e
343f
c5f4
3441
3442
3443
3444
c5f4
3446
3447
c5f4
3449
344a
344b
344c
c5f4
344e
344f
c5f4
3451
3452
3453
3454
c5f4
3456
3457
c5f4
3459
345a
345b
345c
c5f4
345e
345f
c5f4
3461
3462
3463
3464
c5f4
3466
3467
c5f4
3469
346a
346b
346c
c5f4
346e
346f
c5f4
3471
3472
3473
3474
c5f4
3476
3477
c5f4
3479
347a
347b
347c
c5f4
347e
347f
c5f4
3481
3482
3483
3484
c5f4
3486
3487
c5f4
3489
348a
348b
348c
c5f4
348e
348f
c5f4
3491
3492
3493
3494
c5f4
3496
3497
c5f4
3499
349a
349b
349c
c5f4
349e
349f
c5f4
34a1
34a2
34a3
34a4
c5f4
34a6
34a7
c5f4
34a9
34aa
34ab
34ac
c5f4
34ae
34af
c5f4
34b1
34b2
34b3
34b4
c5f4
34b6
34b7
c5f4
34b9
34ba
34bb
34bc
c5f4
34be
34bf
c5f4
34c1
34c2
34c3
34c4
c5f4
34c6
34c7
c5f4
34c9
34ca
34cb
34cc
c5f4
34ce
34cf
c5f4
34d1
34d2
34d3
34d4
c5f4
34d6
34d7
c5f4
34d9
34da
34db
34dc
c5f4
34de
34df
c5f4
34e1
34e2
34e3
34e4
c5f4
34e6
34e7
c5f4
34e9
34ea
34eb
34ec
c5f4
34ee
34ef
c5f4
34f1
34f2
34f3
34f4
c5f4
34f6
34f7
c5f4
34f9
34fa
34fb
34fc
c5f4
34fe
34ff
c5f4
3501
3502
3503
3504
c5f4
3506
3507
c5f4
3509
350a
350b
350c
c5f4
350e
350f
c5f4
3511
3512
3513
3514
c5f4
3516
3517
c5f4
3519
351a
351b
351c
c5f4
351e
351f
c5f4
3521
3522
3523
3524
c5f4
3526
3527
c5f4
3529
352a
352b
352c
c5f4
352e
352f
c5f4
3531
3532
3533
3534
c5f4
3536
3537
c5f4
3539
353a
353b
353c
c5f4
353e
353f
c5f4
3541
3542
3543
3544
c5f4
3546
3547
c5f4
3549
354a
354b
354c
c5f4
354e
354f
c5f4
3551
3552
3553
3554
c5f4
3556
3557
c5f4
3559
355a
355b
355c
c5f4
355e
355f
c5f4
3561
3562
3563
3564
c5f4
3566
3567
c5f4
3569
356a
356b
356c
c5f4
356e
356f
c5f4
3571
3572
3573
3574
c5f4
3576
3577
c5f4
3579
357a
357b
357c
c5f4
357e
357f
c5f4
3581
3582
3583
3584
c5f4
3586
3587
c5f4
3589
358a
358b
358c
c5f4
358e
358f
c5f4
3591
3592
3593
3594
c5f4
3596
3597
c5f4
3599
359a
359b
359c
c5f4
359e
359f
c5f4
35a1
35a2
35a3
35a4
c5f4
35a6
35a7
c5f4
35a9
35aa
35ab
35ac
c5f4
35ae
35af
c5f4
35b1
35b2
35b3
35b4
c5f4
35b6
35b7
c5f4
35b9
35ba
35bb
35bc
c5f4
35be
35bf
c5f4
35c1
35c2
35c3
35c4
c5f4
35c6
35c7
c5f4
35c9
35ca
35cb
35cc
c5f4
35ce
35cf
c5f4
35d1
35d2
35d3
35d4
c5f4
35d6
35d7
c5f4
35d9
35da
35db
35dc
c5f4
35de
35df
c5f4
35e1
35e2
35e3
35e4
c5f4
35e6
35e7
c5f4
35e9
35ea
35eb
35ec
c5f4
35ee
35ef
c5f4
35f1
35f2
35f3
35f4
c5f4
35f6
35f7
c5f4
35f9
35fa
35fb
35fc
c5f4
35fe
35ff
c5f4
3601
3602
3603
3604
c5f4
3606
3607
c5f4
3609
360a
360b
360c
c5f4
360e
360f
c5f4
3611
3612
3613
3614
c5f4
3616
3617
c5f4
3619
361a
361b
361c
c5f4
361e
361f
c5f4
3621
3622
3623
3624
c5f4
3626
3627
c5f4
3629
362a
362b
362c
c5f4
362e
362f
c5f4
3631
3632
3633
3634
c5f4
3636
3637
c5f4
3639
363a
363b
363c
c5f4
363e
363f
c5f4
3641
3642
3643
3644
c5f4
3646
3647
c5f4
3649
364a
364b
364c
c5f4
364e
364f
c5f4
3651
3652
3653
3654
c5f4
3656
3657
c5f4
3659
365a
365b
365c
c5f4
365e
365f
c5f4
3661
3662
3663
3664
c5f4
3666
3667
c5f4
3669
366a
366b
366c
c5f4
366e
366f
c5f4
3671
3672
3673
3674
c5f4
3676
3677
c5f4
3679
367a
367b
367c
c5f4
367e
367f
c5f4
3681
3682
3683
3684
c5f4
3686
3687
c5f4
3689
368a
368b
368c
c5f4
368e
368f
c5f4
3691
3692
3693
3694
c5f4
3696
3697
c5f4
3699
369a
369b
369c
c5f4
369e
369f
c5f4
36a1
36a2
36a3
36a4
c5f4
36a6
36a7
c5f4
36a9
36aa
36ab
36ac
c5f4
36ae
36af
c5f4
36b1
36b2
36b3
36b4
c5f4
36b6
36b7
c5f4
36b9
36ba
36bb
36bc
c5f4
36be
36bf
c5f4
36c1
36c2
36c3
36c4
c5f4
36c6
36c7
c5f4
36c9
36ca
36cb
36cc
c5f4
36ce
36cf
c5f4
36d1
36d2
36d3
36d4
c5f4
36d6
36d7
c5f4
36d9
36da
36db
36dc
c5f4
36de
36df
c5f4
36e1
36e2
36e3
36e4
c5f4
36e6
36e7
c5f4
36e9
36ea
36eb
36ec
c5f4
36ee
36ef
c5f4
36f1
36f2
36f3
36f4
c5f4
36f6
36f7
c5f4
36f9
36fa
36fb
36fc
c5f4
36fe
36ff
c5f4
3701
3702
3703
3704
c5f4
3706
3707
c5f4
3709
370a
370b
370c
c5f4
370e
370f
c5f4
3711
3712
3713
3714
c5f4
3716
3717
c5f4
3719
371a
371b
371c
c5f4
371e
371f
c5f4
3721
3722
3723
3724
c5f4
3726
3727
c5f4
3729
372a
372b
372c
c5f4
372e
372f
c5f4
3731
3732
3733
3734
c5f4
3736
3737
c5f4
3739
373a
373b
373c
c5f4
373e
373f
c5f4
3741
3742
3743
3744
c5f4
3746
3747
c5f4
3749
374a
374b
374c
c5f4
374e
374f
c5f4
3751
3752
3753
3754
c5f4
3756
3757
c5f4
3759
375a
375b
375c
c5f4
375e
375f
c5f4
3761
3762
3763
3764
c5f4
3766
3767
c5f4
3769
376a
376b
376c
c5f4
376e
376f
c5f4
3771
3772
3773
3774
c5f4
3776
3777
